#
# There is insufficient memory for the Java Runtime Environment to continue.
# Native memory allocation (malloc) failed to allocate 1127696 bytes for Chunk::new
# Possible reasons:
#   The system is out of physical RAM or swap space
#   The process is running with CompressedOops enabled, and the Java Heap may be blocking the growth of the native heap
# Possible solutions:
#   Reduce memory load on the system
#   Increase physical memory or swap space
#   Check if swap backing store is full
#   Decrease Java heap size (-Xmx/-Xms)
#   Decrease number of Java threads
#   Decrease Java thread stack sizes (-Xss)
#   Set larger code cache with -XX:ReservedCodeCacheSize=
#   JVM is running with Unscaled Compressed Oops mode in which the Java heap is
#     placed in the first 4GB address space. The Java Heap base address is the
#     maximum limit for the native heap growth. Please use -XX:HeapBaseMinAddress
#     to set the Java Heap base and to place the Java Heap above 4GB virtual address.
# This output file may be truncated or incomplete.
#
#  Out of Memory Error (arena.cpp:166), pid=3532, tid=8276
#
# JRE version: Java(TM) SE Runtime Environment (21.0+35) (build 21+35-LTS-2513)
# Java VM: Java HotSpot(TM) 64-Bit Server VM (21+35-LTS-2513, mixed mode, sharing, tiered, compressed oops, compressed class ptrs, parallel gc, windows-amd64)
# No core dump will be written. Minidumps are not enabled by default on client versions of Windows
#

---------------  S U M M A R Y ------------

Command Line: --add-modules=ALL-SYSTEM --add-opens=java.base/java.util=ALL-UNNAMED --add-opens=java.base/java.lang=ALL-UNNAMED --add-opens=java.base/sun.nio.fs=ALL-UNNAMED -Declipse.application=org.eclipse.jdt.ls.core.id1 -Dosgi.bundles.defaultStartLevel=4 -Declipse.product=org.eclipse.jdt.ls.core.product -Djava.import.generatesMetadataFilesAtProjectRoot=false -DDetectVMInstallationsJob.disabled=true -Dfile.encoding=utf8 -XX:+UseParallelGC -XX:GCTimeRatio=4 -XX:AdaptiveSizePolicyWeight=90 -Dsun.zip.disableMemoryMapping=true -Xmx2G -Xms100m -Xlog:disable -javaagent:c:\Users\ADMIN\.vscode\extensions\redhat.java-1.48.0\lombok\lombok-1.18.39-4050.jar -XX:+HeapDumpOnOutOfMemoryError -XX:HeapDumpPath=c:\Users\ADMIN\AppData\Roaming\Code\User\workspaceStorage\29bae93e5503c94e908dc73e31ab6b48\redhat.java -Daether.dependencyCollector.impl=bf c:\Users\ADMIN\.vscode\extensions\redhat.java-1.48.0\server\plugins\org.eclipse.equinox.launcher_1.7.100.v20251111-0406.jar -configuration c:\Users\ADMIN\AppData\Roaming\Code\User\globalStorage\redhat.java\1.48.0\config_win -data c:\Users\ADMIN\AppData\Roaming\Code\User\workspaceStorage\29bae93e5503c94e908dc73e31ab6b48\redhat.java\jdt_ws --pipe=\\.\pipe\lsp-342bfb8cca309df87d084298fa9a19c8-sock

Host: Intel(R) Core(TM) i3-1005G1 CPU @ 1.20GHz, 4 cores, 3G,  Windows 11 , 64 bit Build 26100 (10.0.26100.7019)
Time: Thu Nov 20 14:03:31 2025 SE Asia Standard Time elapsed time: 17.151199 seconds (0d 0h 0m 17s)

---------------  T H R E A D  ---------------

Current thread (0x00000238a5d9d300):  JavaThread "C2 CompilerThread0" daemon [_thread_in_native, id=8276, stack(0x000000e67fa00000,0x000000e67fb00000) (1024K)]


Current CompileTask:
C2:  17151 4437       4       org.eclipse.osgi.internal.serviceregistry.ServiceRegistry::notifyHooksPrivileged (57 bytes)

Stack: [0x000000e67fa00000,0x000000e67fb00000]
Native frames: (J=compiled Java code, j=interpreted, Vv=VM code, C=native code)
V  [jvm.dll+0x6c8d39]
V  [jvm.dll+0x854091]
V  [jvm.dll+0x85630e]
V  [jvm.dll+0x8569e3]
V  [jvm.dll+0x2809a6]
V  [jvm.dll+0xc3e6d]
V  [jvm.dll+0xc4383]
V  [jvm.dll+0x3b54e2]
V  [jvm.dll+0x382245]
V  [jvm.dll+0x3816ba]
V  [jvm.dll+0x249800]
V  [jvm.dll+0x248de1]
V  [jvm.dll+0x1c9b91]
V  [jvm.dll+0x2583e9]
V  [jvm.dll+0x2569ca]
V  [jvm.dll+0x3eef66]
V  [jvm.dll+0x7fd2c8]
V  [jvm.dll+0x6c748d]
C  [ucrtbase.dll+0x37b0]
C  [KERNEL32.DLL+0x2e8d7]
C  [ntdll.dll+0x8c53c]


---------------  P R O C E S S  ---------------

Threads class SMR info:
_java_thread_list=0x00000239092bbb20, length=22, elements={
0x00000238a5e9ae80, 0x00000238a5d901b0, 0x00000238a5d938a0, 0x00000238a5d94630,
0x00000238a5d95290, 0x00000238a5d99a50, 0x00000238a5d9a4b0, 0x00000238a5d9d300,
0x00000238a5e09330, 0x00000239037da020, 0x0000023903a86040, 0x000002390857f010,
0x000002390857d340, 0x000002390860d920, 0x0000023908a52eb0, 0x0000023908a9afe0,
0x0000023908a9a2c0, 0x0000023908a9a950, 0x0000023908a9b670, 0x0000023908a9bd00,
0x0000023908a98f10, 0x0000023908a9c390
}

Java Threads: ( => current thread )
  0x00000238a5e9ae80 JavaThread "main"                              [_thread_blocked, id=14492, stack(0x000000e67f000000,0x000000e67f100000) (1024K)]
  0x00000238a5d901b0 JavaThread "Reference Handler"          daemon [_thread_blocked, id=2572, stack(0x000000e67f400000,0x000000e67f500000) (1024K)]
  0x00000238a5d938a0 JavaThread "Finalizer"                  daemon [_thread_blocked, id=8660, stack(0x000000e67f500000,0x000000e67f600000) (1024K)]
  0x00000238a5d94630 JavaThread "Signal Dispatcher"          daemon [_thread_blocked, id=9456, stack(0x000000e67f600000,0x000000e67f700000) (1024K)]
  0x00000238a5d95290 JavaThread "Attach Listener"            daemon [_thread_blocked, id=5784, stack(0x000000e67f700000,0x000000e67f800000) (1024K)]
  0x00000238a5d99a50 JavaThread "Service Thread"             daemon [_thread_blocked, id=3556, stack(0x000000e67f800000,0x000000e67f900000) (1024K)]
  0x00000238a5d9a4b0 JavaThread "Monitor Deflation Thread"   daemon [_thread_blocked, id=2188, stack(0x000000e67f900000,0x000000e67fa00000) (1024K)]
=>0x00000238a5d9d300 JavaThread "C2 CompilerThread0"         daemon [_thread_in_native, id=8276, stack(0x000000e67fa00000,0x000000e67fb00000) (1024K)]
  0x00000238a5e09330 JavaThread "C1 CompilerThread0"         daemon [_thread_blocked, id=15144, stack(0x000000e67fb00000,0x000000e67fc00000) (1024K)]
  0x00000239037da020 JavaThread "Common-Cleaner"             daemon [_thread_blocked, id=2964, stack(0x000000e67fc00000,0x000000e67fd00000) (1024K)]
  0x0000023903a86040 JavaThread "Notification Thread"        daemon [_thread_blocked, id=10192, stack(0x000000e67fd00000,0x000000e67fe00000) (1024K)]
  0x000002390857f010 JavaThread "Active Thread: Equinox Container: 1d24f19d-63c5-48b5-9821-731da15a5ea1"        [_thread_blocked, id=4540, stack(0x000000e600500000,0x000000e600600000) (1024K)]
  0x000002390857d340 JavaThread "Framework Event Dispatcher: Equinox Container: 1d24f19d-63c5-48b5-9821-731da15a5ea1" daemon [_thread_blocked, id=11956, stack(0x000000e600600000,0x000000e600700000) (1024K)]
  0x000002390860d920 JavaThread "Start Level: Equinox Container: 1d24f19d-63c5-48b5-9821-731da15a5ea1" daemon [_thread_in_Java, id=14232, stack(0x000000e600700000,0x000000e600800000) (1024K)]
  0x0000023908a52eb0 JavaThread "Refresh Thread: Equinox Container: 1d24f19d-63c5-48b5-9821-731da15a5ea1" daemon [_thread_blocked, id=724, stack(0x000000e600800000,0x000000e600900000) (1024K)]
  0x0000023908a9afe0 JavaThread "Bundle File Closer"         daemon [_thread_blocked, id=16316, stack(0x000000e600900000,0x000000e600a00000) (1024K)]
  0x0000023908a9a2c0 JavaThread "SCR Component Actor"        daemon [_thread_blocked, id=4772, stack(0x000000e600a00000,0x000000e600b00000) (1024K)]
  0x0000023908a9a950 JavaThread "Worker-JM"                         [_thread_blocked, id=15436, stack(0x000000e600b00000,0x000000e600c00000) (1024K)]
  0x0000023908a9b670 JavaThread "Worker-0"                          [_thread_blocked, id=15528, stack(0x000000e600c00000,0x000000e600d00000) (1024K)]
  0x0000023908a9bd00 JavaThread "Worker-1: Updating Maven Dependencies"        [_thread_blocked, id=3348, stack(0x000000e600d00000,0x000000e600e00000) (1024K)]
  0x0000023908a98f10 JavaThread "Worker-2: Repository registry initialization"        [_thread_in_Java, id=13420, stack(0x000000e600e00000,0x000000e600f00000) (1024K)]
  0x0000023908a9c390 JavaThread "Worker-3"                          [_thread_blocked, id=15372, stack(0x000000e600100000,0x000000e600200000) (1024K)]
Total: 22

Other Threads:
  0x00000238a5f3faf0 VMThread "VM Thread"                           [id=14624, stack(0x000000e67f300000,0x000000e67f400000) (1024K)]
  0x00000238a5d2c7e0 WatcherThread "VM Periodic Task Thread"        [id=612, stack(0x000000e67f200000,0x000000e67f300000) (1024K)]
  0x00000238a5eb8a60 WorkerThread "GC Thread#0"                     [id=7768, stack(0x000000e67f100000,0x000000e67f200000) (1024K)]
  0x000002390818fda0 WorkerThread "GC Thread#1"                     [id=9148, stack(0x000000e67fe00000,0x000000e67ff00000) (1024K)]
  0x00000239083f6420 WorkerThread "GC Thread#2"                     [id=8708, stack(0x000000e67ff00000,0x000000e680000000) (1024K)]
  0x000002390856e680 WorkerThread "GC Thread#3"                     [id=4764, stack(0x000000e600000000,0x000000e600100000) (1024K)]
Total: 6

Threads with active compile tasks:
C2 CompilerThread0    17231 4437       4       org.eclipse.osgi.internal.serviceregistry.ServiceRegistry::notifyHooksPrivileged (57 bytes)
Total: 1

VM state: not at safepoint (normal execution)

VM Mutex/Monitor currently owned by a thread: None

Heap address: 0x0000000080000000, size: 2048 MB, Compressed Oops mode: 32-bit

CDS archive(s) mapped at: [0x00000238c2000000-0x00000238c2c90000-0x00000238c2c90000), size 13172736, SharedBaseAddress: 0x00000238c2000000, ArchiveRelocationMode: 1.
Compressed class space mapped at: 0x00000238c3000000-0x0000023903000000, reserved size: 1073741824
Narrow klass base: 0x00000238c2000000, Narrow klass shift: 0, Narrow klass range: 0x100000000

GC Precious Log:
 CardTable entry size: 512
 CPUs: 4 total, 4 available
 Memory: 3783M
 Large Page Support: Disabled
 NUMA Support: Disabled
 Compressed Oops: Enabled (32-bit)
 Alignments: Space 512K, Generation 512K, Heap 2M
 Heap Min Capacity: 100M
 Heap Initial Capacity: 100M
 Heap Max Capacity: 2G
 Pre-touch: Disabled
 Parallel Workers: 4

Heap:
 PSYoungGen      total 23552K, used 12063K [0x00000000d5580000, 0x00000000d7180000, 0x0000000100000000)
  eden space 22528K, 50% used [0x00000000d5580000,0x00000000d60b7c08,0x00000000d6b80000)
  from space 1024K, 56% used [0x00000000d7080000,0x00000000d7110000,0x00000000d7180000)
  to   space 1024K, 0% used [0x00000000d6f80000,0x00000000d6f80000,0x00000000d7080000)
 ParOldGen       total 68608K, used 12686K [0x0000000080000000, 0x0000000084300000, 0x00000000d5580000)
  object space 68608K, 18% used [0x0000000080000000,0x0000000080c638e8,0x0000000084300000)
 Metaspace       used 27876K, committed 28736K, reserved 1114112K
  class space    used 2747K, committed 3136K, reserved 1048576K

Card table byte_map: [0x00000238a5840000,0x00000238a5c50000] _byte_map_base: 0x00000238a5440000

Marking Bits: (ParMarkBitMap*) 0x00007ffab6d3d4a0
 Begin Bits: [0x00000238bd5a0000, 0x00000238bf5a0000)
 End Bits:   [0x00000238bf5a0000, 0x00000238c15a0000)

Polling page: 0x00000238a3d80000

Metaspace:

Usage:
  Non-class:     24.54 MB used.
      Class:      2.68 MB used.
       Both:     27.23 MB used.

Virtual space:
  Non-class space:       64.00 MB reserved,      25.00 MB ( 39%) committed,  1 nodes.
      Class space:        1.00 GB reserved,       3.06 MB ( <1%) committed,  1 nodes.
             Both:        1.06 GB reserved,      28.06 MB (  3%) committed. 

Chunk freelists:
   Non-Class:  6.27 MB
       Class:  12.82 MB
        Both:  19.09 MB

MaxMetaspaceSize: unlimited
CompressedClassSpaceSize: 1.00 GB
Initial GC threshold: 21.00 MB
Current GC threshold: 35.00 MB
CDS: on
 - commit_granule_bytes: 65536.
 - commit_granule_words: 8192.
 - virtual_space_node_default_size: 8388608.
 - enlarge_chunks_in_place: 1.
 - use_allocation_guard: 0.


Internal statistics:

num_allocs_failed_limit: 3.
num_arena_births: 658.
num_arena_deaths: 14.
num_vsnodes_births: 2.
num_vsnodes_deaths: 0.
num_space_committed: 449.
num_space_uncommitted: 0.
num_chunks_returned_to_freelist: 17.
num_chunks_taken_from_freelist: 1824.
num_chunk_merges: 7.
num_chunk_splits: 1138.
num_chunks_enlarged: 676.
num_inconsistent_stats: 0.

CodeHeap 'non-profiled nmethods': size=120000Kb used=1960Kb max_used=1960Kb free=118039Kb
 bounds [0x00000238b5dc0000, 0x00000238b6030000, 0x00000238bd2f0000]
CodeHeap 'profiled nmethods': size=120000Kb used=9855Kb max_used=9855Kb free=110144Kb
 bounds [0x00000238ae2f0000, 0x00000238aec90000, 0x00000238b5820000]
CodeHeap 'non-nmethods': size=5760Kb used=1332Kb max_used=1335Kb free=4427Kb
 bounds [0x00000238b5820000, 0x00000238b5a90000, 0x00000238b5dc0000]
 total_blobs=5070 nmethods=4461 adapters=515
 compilation: enabled
              stopped_count=0, restarted_count=0
 full_count=0

Compilation events (20 events):
Event: 16.933 Thread 0x00000238a5e09330 4446       3       java.util.ArrayList$SubList::toArray (79 bytes)
Event: 16.933 Thread 0x00000238a5e09330 nmethod 4446 0x00000238aec7f190 code [0x00000238aec7f3a0, 0x00000238aec7fa88]
Event: 16.933 Thread 0x00000238a5e09330 4447       3       org.lombokweb.asm.MethodWriter::visitLabel (332 bytes)
Event: 16.934 Thread 0x00000238a5e09330 nmethod 4447 0x00000238aec7fc90 code [0x00000238aec7fee0, 0x00000238aec80868]
Event: 16.934 Thread 0x00000238a5e09330 4448       3       org.lombokweb.asm.MethodWriter::visitFrame (811 bytes)
Event: 16.937 Thread 0x00000238a5e09330 nmethod 4448 0x00000238aec80a90 code [0x00000238aec80fe0, 0x00000238aec83360]
Event: 16.988 Thread 0x00000238a5e09330 4449       3       org.lombokweb.asm.SymbolTable::hash (14 bytes)
Event: 16.989 Thread 0x00000238a5e09330 nmethod 4449 0x00000238aec84290 code [0x00000238aec84420, 0x00000238aec84528]
Event: 16.994 Thread 0x00000238a5e09330 4450       3       org.lombokweb.asm.Label::put (83 bytes)
Event: 16.994 Thread 0x00000238a5e09330 nmethod 4450 0x00000238aec84590 code [0x00000238aec847c0, 0x00000238aec84be0]
Event: 16.997 Thread 0x00000238a5e09330 4451       3       org.lombokweb.asm.ClassReader::readStackMapFrame (535 bytes)
Event: 16.998 Thread 0x00000238a5e09330 nmethod 4451 0x00000238aec84d90 code [0x00000238aec85040, 0x00000238aec860b8]
Event: 17.008 Thread 0x00000238a5e09330 4452       3       java.util.zip.ZipFile::<init> (10 bytes)
Event: 17.009 Thread 0x00000238a5e09330 nmethod 4452 0x00000238aec86690 code [0x00000238aec86840, 0x00000238aec86988]
Event: 17.009 Thread 0x00000238a5e09330 4453       3       java.util.zip.ZipFile::<init> (144 bytes)
Event: 17.010 Thread 0x00000238a5e09330 nmethod 4453 0x00000238aec86a10 code [0x00000238aec86d20, 0x00000238aec87c98]
Event: 17.024 Thread 0x00000238a5e09330 4454       3       jdk.internal.loader.AbstractClassLoaderValue::map (20 bytes)
Event: 17.025 Thread 0x00000238a5e09330 nmethod 4454 0x00000238aec88310 code [0x00000238aec884e0, 0x00000238aec887c0]
Event: 17.031 Thread 0x00000238a5e09330 4455       3       java.util.HashSet::size (8 bytes)
Event: 17.031 Thread 0x00000238a5e09330 nmethod 4455 0x00000238aec88910 code [0x00000238aec88aa0, 0x00000238aec88c50]

GC Heap History (20 events):
Event: 4.699 GC heap before
{Heap before GC invocations=2 (full 0):
 PSYoungGen      total 29696K, used 28871K [0x00000000d5580000, 0x00000000d7680000, 0x0000000100000000)
  eden space 25600K, 100% used [0x00000000d5580000,0x00000000d6e80000,0x00000000d6e80000)
  from space 4096K, 79% used [0x00000000d6e80000,0x00000000d71b1e98,0x00000000d7280000)
  to   space 4096K, 0% used [0x00000000d7280000,0x00000000d7280000,0x00000000d7680000)
 ParOldGen       total 68608K, used 0K [0x0000000080000000, 0x0000000084300000, 0x00000000d5580000)
  object space 68608K, 0% used [0x0000000080000000,0x0000000080000000,0x0000000084300000)
 Metaspace       used 8429K, committed 8704K, reserved 1114112K
  class space    used 859K, committed 960K, reserved 1048576K
}
Event: 4.704 GC heap after
{Heap after GC invocations=2 (full 0):
 PSYoungGen      total 29696K, used 4078K [0x00000000d5580000, 0x00000000d7680000, 0x0000000100000000)
  eden space 25600K, 0% used [0x00000000d5580000,0x00000000d5580000,0x00000000d6e80000)
  from space 4096K, 99% used [0x00000000d7280000,0x00000000d767ba30,0x00000000d7680000)
  to   space 4096K, 0% used [0x00000000d6e80000,0x00000000d6e80000,0x00000000d7280000)
 ParOldGen       total 68608K, used 96K [0x0000000080000000, 0x0000000084300000, 0x00000000d5580000)
  object space 68608K, 0% used [0x0000000080000000,0x0000000080018000,0x0000000084300000)
 Metaspace       used 8429K, committed 8704K, reserved 1114112K
  class space    used 859K, committed 960K, reserved 1048576K
}
Event: 5.828 GC heap before
{Heap before GC invocations=3 (full 0):
 PSYoungGen      total 29696K, used 29678K [0x00000000d5580000, 0x00000000d7680000, 0x0000000100000000)
  eden space 25600K, 100% used [0x00000000d5580000,0x00000000d6e80000,0x00000000d6e80000)
  from space 4096K, 99% used [0x00000000d7280000,0x00000000d767ba30,0x00000000d7680000)
  to   space 4096K, 0% used [0x00000000d6e80000,0x00000000d6e80000,0x00000000d7280000)
 ParOldGen       total 68608K, used 96K [0x0000000080000000, 0x0000000084300000, 0x00000000d5580000)
  object space 68608K, 0% used [0x0000000080000000,0x0000000080018000,0x0000000084300000)
 Metaspace       used 8911K, committed 9216K, reserved 1114112K
  class space    used 889K, committed 1024K, reserved 1048576K
}
Event: 5.834 GC heap after
{Heap after GC invocations=3 (full 0):
 PSYoungGen      total 29696K, used 4071K [0x00000000d5580000, 0x00000000d7680000, 0x0000000100000000)
  eden space 25600K, 0% used [0x00000000d5580000,0x00000000d5580000,0x00000000d6e80000)
  from space 4096K, 99% used [0x00000000d6e80000,0x00000000d7279f58,0x00000000d7280000)
  to   space 4096K, 0% used [0x00000000d7280000,0x00000000d7280000,0x00000000d7680000)
 ParOldGen       total 68608K, used 4834K [0x0000000080000000, 0x0000000084300000, 0x00000000d5580000)
  object space 68608K, 7% used [0x0000000080000000,0x00000000804b8890,0x0000000084300000)
 Metaspace       used 8911K, committed 9216K, reserved 1114112K
  class space    used 889K, committed 1024K, reserved 1048576K
}
Event: 6.521 GC heap before
{Heap before GC invocations=4 (full 0):
 PSYoungGen      total 29696K, used 29671K [0x00000000d5580000, 0x00000000d7680000, 0x0000000100000000)
  eden space 25600K, 100% used [0x00000000d5580000,0x00000000d6e80000,0x00000000d6e80000)
  from space 4096K, 99% used [0x00000000d6e80000,0x00000000d7279f58,0x00000000d7280000)
  to   space 4096K, 0% used [0x00000000d7280000,0x00000000d7280000,0x00000000d7680000)
 ParOldGen       total 68608K, used 4834K [0x0000000080000000, 0x0000000084300000, 0x00000000d5580000)
  object space 68608K, 7% used [0x0000000080000000,0x00000000804b8890,0x0000000084300000)
 Metaspace       used 10149K, committed 10432K, reserved 1114112K
  class space    used 1017K, committed 1152K, reserved 1048576K
}
Event: 6.528 GC heap after
{Heap after GC invocations=4 (full 0):
 PSYoungGen      total 29696K, used 4094K [0x00000000d5580000, 0x00000000d7680000, 0x0000000100000000)
  eden space 25600K, 0% used [0x00000000d5580000,0x00000000d5580000,0x00000000d6e80000)
  from space 4096K, 99% used [0x00000000d7280000,0x00000000d767fad0,0x00000000d7680000)
  to   space 4096K, 0% used [0x00000000d6e80000,0x00000000d6e80000,0x00000000d7280000)
 ParOldGen       total 68608K, used 6487K [0x0000000080000000, 0x0000000084300000, 0x00000000d5580000)
  object space 68608K, 9% used [0x0000000080000000,0x0000000080655e50,0x0000000084300000)
 Metaspace       used 10149K, committed 10432K, reserved 1114112K
  class space    used 1017K, committed 1152K, reserved 1048576K
}
Event: 8.876 GC heap before
{Heap before GC invocations=5 (full 0):
 PSYoungGen      total 29696K, used 29694K [0x00000000d5580000, 0x00000000d7680000, 0x0000000100000000)
  eden space 25600K, 100% used [0x00000000d5580000,0x00000000d6e80000,0x00000000d6e80000)
  from space 4096K, 99% used [0x00000000d7280000,0x00000000d767fad0,0x00000000d7680000)
  to   space 4096K, 0% used [0x00000000d6e80000,0x00000000d6e80000,0x00000000d7280000)
 ParOldGen       total 68608K, used 6487K [0x0000000080000000, 0x0000000084300000, 0x00000000d5580000)
  object space 68608K, 9% used [0x0000000080000000,0x0000000080655e50,0x0000000084300000)
 Metaspace       used 12398K, committed 12800K, reserved 1114112K
  class space    used 1237K, committed 1408K, reserved 1048576K
}
Event: 8.881 GC heap after
{Heap after GC invocations=5 (full 0):
 PSYoungGen      total 29184K, used 4095K [0x00000000d5580000, 0x00000000d7a00000, 0x0000000100000000)
  eden space 25088K, 0% used [0x00000000d5580000,0x00000000d5580000,0x00000000d6e00000)
  from space 4096K, 99% used [0x00000000d6e80000,0x00000000d727fc58,0x00000000d7280000)
  to   space 6144K, 0% used [0x00000000d7400000,0x00000000d7400000,0x00000000d7a00000)
 ParOldGen       total 68608K, used 7702K [0x0000000080000000, 0x0000000084300000, 0x00000000d5580000)
  object space 68608K, 11% used [0x0000000080000000,0x0000000080785b88,0x0000000084300000)
 Metaspace       used 12398K, committed 12800K, reserved 1114112K
  class space    used 1237K, committed 1408K, reserved 1048576K
}
Event: 11.657 GC heap before
{Heap before GC invocations=6 (full 0):
 PSYoungGen      total 29184K, used 29183K [0x00000000d5580000, 0x00000000d7a00000, 0x0000000100000000)
  eden space 25088K, 100% used [0x00000000d5580000,0x00000000d6e00000,0x00000000d6e00000)
  from space 4096K, 99% used [0x00000000d6e80000,0x00000000d727fc58,0x00000000d7280000)
  to   space 6144K, 0% used [0x00000000d7400000,0x00000000d7400000,0x00000000d7a00000)
 ParOldGen       total 68608K, used 7702K [0x0000000080000000, 0x0000000084300000, 0x00000000d5580000)
  object space 68608K, 11% used [0x0000000080000000,0x0000000080785b88,0x0000000084300000)
 Metaspace       used 15605K, committed 16192K, reserved 1114112K
  class space    used 1526K, committed 1792K, reserved 1048576K
}
Event: 11.664 GC heap after
{Heap after GC invocations=6 (full 0):
 PSYoungGen      total 30720K, used 5704K [0x00000000d5580000, 0x00000000d7a00000, 0x0000000100000000)
  eden space 24576K, 0% used [0x00000000d5580000,0x00000000d5580000,0x00000000d6d80000)
  from space 6144K, 92% used [0x00000000d7400000,0x00000000d79922e8,0x00000000d7a00000)
  to   space 6144K, 0% used [0x00000000d6e00000,0x00000000d6e00000,0x00000000d7400000)
 ParOldGen       total 68608K, used 7710K [0x0000000080000000, 0x0000000084300000, 0x00000000d5580000)
  object space 68608K, 11% used [0x0000000080000000,0x0000000080787b88,0x0000000084300000)
 Metaspace       used 15605K, committed 16192K, reserved 1114112K
  class space    used 1526K, committed 1792K, reserved 1048576K
}
Event: 12.957 GC heap before
{Heap before GC invocations=7 (full 0):
 PSYoungGen      total 30720K, used 30280K [0x00000000d5580000, 0x00000000d7a00000, 0x0000000100000000)
  eden space 24576K, 100% used [0x00000000d5580000,0x00000000d6d80000,0x00000000d6d80000)
  from space 6144K, 92% used [0x00000000d7400000,0x00000000d79922e8,0x00000000d7a00000)
  to   space 6144K, 0% used [0x00000000d6e00000,0x00000000d6e00000,0x00000000d7400000)
 ParOldGen       total 68608K, used 7710K [0x0000000080000000, 0x0000000084300000, 0x00000000d5580000)
  object space 68608K, 11% used [0x0000000080000000,0x0000000080787b88,0x0000000084300000)
 Metaspace       used 18594K, committed 19392K, reserved 1114112K
  class space    used 1857K, committed 2176K, reserved 1048576K
}
Event: 12.964 GC heap after
{Heap after GC invocations=7 (full 0):
 PSYoungGen      total 28672K, used 4462K [0x00000000d5580000, 0x00000000d7700000, 0x0000000100000000)
  eden space 24064K, 0% used [0x00000000d5580000,0x00000000d5580000,0x00000000d6d00000)
  from space 4608K, 96% used [0x00000000d6e00000,0x00000000d725bac0,0x00000000d7280000)
  to   space 4608K, 0% used [0x00000000d7280000,0x00000000d7280000,0x00000000d7700000)
 ParOldGen       total 68608K, used 8969K [0x0000000080000000, 0x0000000084300000, 0x00000000d5580000)
  object space 68608K, 13% used [0x0000000080000000,0x00000000808c27e8,0x0000000084300000)
 Metaspace       used 18594K, committed 19392K, reserved 1114112K
  class space    used 1857K, committed 2176K, reserved 1048576K
}
Event: 15.426 GC heap before
{Heap before GC invocations=8 (full 0):
 PSYoungGen      total 28672K, used 24813K [0x00000000d5580000, 0x00000000d7700000, 0x0000000100000000)
  eden space 24064K, 84% used [0x00000000d5580000,0x00000000d695faa0,0x00000000d6d00000)
  from space 4608K, 96% used [0x00000000d6e00000,0x00000000d725bac0,0x00000000d7280000)
  to   space 4608K, 0% used [0x00000000d7280000,0x00000000d7280000,0x00000000d7700000)
 ParOldGen       total 68608K, used 8969K [0x0000000080000000, 0x0000000084300000, 0x00000000d5580000)
  object space 68608K, 13% used [0x0000000080000000,0x00000000808c27e8,0x0000000084300000)
 Metaspace       used 20782K, committed 21504K, reserved 1114112K
  class space    used 2056K, committed 2368K, reserved 1048576K
}
Event: 15.433 GC heap after
{Heap after GC invocations=8 (full 0):
 PSYoungGen      total 28160K, used 4607K [0x00000000d5580000, 0x00000000d7900000, 0x0000000100000000)
  eden space 23552K, 0% used [0x00000000d5580000,0x00000000d5580000,0x00000000d6c80000)
  from space 4608K, 99% used [0x00000000d7280000,0x00000000d76ffcc8,0x00000000d7700000)
  to   space 6144K, 0% used [0x00000000d6c80000,0x00000000d6c80000,0x00000000d7280000)
 ParOldGen       total 68608K, used 9850K [0x0000000080000000, 0x0000000084300000, 0x00000000d5580000)
  object space 68608K, 14% used [0x0000000080000000,0x000000008099e848,0x0000000084300000)
 Metaspace       used 20782K, committed 21504K, reserved 1114112K
  class space    used 2056K, committed 2368K, reserved 1048576K
}
Event: 15.433 GC heap before
{Heap before GC invocations=9 (full 1):
 PSYoungGen      total 28160K, used 4607K [0x00000000d5580000, 0x00000000d7900000, 0x0000000100000000)
  eden space 23552K, 0% used [0x00000000d5580000,0x00000000d5580000,0x00000000d6c80000)
  from space 4608K, 99% used [0x00000000d7280000,0x00000000d76ffcc8,0x00000000d7700000)
  to   space 6144K, 0% used [0x00000000d6c80000,0x00000000d6c80000,0x00000000d7280000)
 ParOldGen       total 68608K, used 9850K [0x0000000080000000, 0x0000000084300000, 0x00000000d5580000)
  object space 68608K, 14% used [0x0000000080000000,0x000000008099e848,0x0000000084300000)
 Metaspace       used 20782K, committed 21504K, reserved 1114112K
  class space    used 2056K, committed 2368K, reserved 1048576K
}
Event: 15.535 GC heap after
{Heap after GC invocations=9 (full 1):
 PSYoungGen      total 28160K, used 0K [0x00000000d5580000, 0x00000000d7900000, 0x0000000100000000)
  eden space 23552K, 0% used [0x00000000d5580000,0x00000000d5580000,0x00000000d6c80000)
  from space 4608K, 0% used [0x00000000d7280000,0x00000000d7280000,0x00000000d7700000)
  to   space 6144K, 0% used [0x00000000d6c80000,0x00000000d6c80000,0x00000000d7280000)
 ParOldGen       total 68608K, used 12670K [0x0000000080000000, 0x0000000084300000, 0x00000000d5580000)
  object space 68608K, 18% used [0x0000000080000000,0x0000000080c5f8e8,0x0000000084300000)
 Metaspace       used 20769K, committed 21504K, reserved 1114112K
  class space    used 2053K, committed 2368K, reserved 1048576K
}
Event: 16.440 GC heap before
{Heap before GC invocations=10 (full 1):
 PSYoungGen      total 28160K, used 23552K [0x00000000d5580000, 0x00000000d7900000, 0x0000000100000000)
  eden space 23552K, 100% used [0x00000000d5580000,0x00000000d6c80000,0x00000000d6c80000)
  from space 4608K, 0% used [0x00000000d7280000,0x00000000d7280000,0x00000000d7700000)
  to   space 6144K, 0% used [0x00000000d6c80000,0x00000000d6c80000,0x00000000d7280000)
 ParOldGen       total 68608K, used 12670K [0x0000000080000000, 0x0000000084300000, 0x00000000d5580000)
  object space 68608K, 18% used [0x0000000080000000,0x0000000080c5f8e8,0x0000000084300000)
 Metaspace       used 23094K, committed 23872K, reserved 1114112K
  class space    used 2245K, committed 2560K, reserved 1048576K
}
Event: 16.442 GC heap after
{Heap after GC invocations=10 (full 1):
 PSYoungGen      total 23552K, used 352K [0x00000000d5580000, 0x00000000d7300000, 0x0000000100000000)
  eden space 23040K, 0% used [0x00000000d5580000,0x00000000d5580000,0x00000000d6c00000)
  from space 512K, 68% used [0x00000000d6c80000,0x00000000d6cd8000,0x00000000d6d00000)
  to   space 2560K, 0% used [0x00000000d7080000,0x00000000d7080000,0x00000000d7300000)
 ParOldGen       total 68608K, used 12678K [0x0000000080000000, 0x0000000084300000, 0x00000000d5580000)
  object space 68608K, 18% used [0x0000000080000000,0x0000000080c618e8,0x0000000084300000)
 Metaspace       used 23094K, committed 23872K, reserved 1114112K
  class space    used 2245K, committed 2560K, reserved 1048576K
}
Event: 16.959 GC heap before
{Heap before GC invocations=11 (full 1):
 PSYoungGen      total 23552K, used 23384K [0x00000000d5580000, 0x00000000d7300000, 0x0000000100000000)
  eden space 23040K, 99% used [0x00000000d5580000,0x00000000d6bfe120,0x00000000d6c00000)
  from space 512K, 68% used [0x00000000d6c80000,0x00000000d6cd8000,0x00000000d6d00000)
  to   space 2560K, 0% used [0x00000000d7080000,0x00000000d7080000,0x00000000d7300000)
 ParOldGen       total 68608K, used 12678K [0x0000000080000000, 0x0000000084300000, 0x00000000d5580000)
  object space 68608K, 18% used [0x0000000080000000,0x0000000080c618e8,0x0000000084300000)
 Metaspace       used 26621K, committed 27520K, reserved 1114112K
  class space    used 2615K, committed 3008K, reserved 1048576K
}
Event: 16.960 GC heap after
{Heap after GC invocations=11 (full 1):
 PSYoungGen      total 23552K, used 576K [0x00000000d5580000, 0x00000000d7180000, 0x0000000100000000)
  eden space 22528K, 0% used [0x00000000d5580000,0x00000000d5580000,0x00000000d6b80000)
  from space 1024K, 56% used [0x00000000d7080000,0x00000000d7110000,0x00000000d7180000)
  to   space 1024K, 0% used [0x00000000d6f80000,0x00000000d6f80000,0x00000000d7080000)
 ParOldGen       total 68608K, used 12686K [0x0000000080000000, 0x0000000084300000, 0x00000000d5580000)
  object space 68608K, 18% used [0x0000000080000000,0x0000000080c638e8,0x0000000084300000)
 Metaspace       used 26621K, committed 27520K, reserved 1114112K
  class space    used 2615K, committed 3008K, reserved 1048576K
}

Dll operation events (12 events):
Event: 0.024 Loaded shared library C:\Program Files\Java\jdk-21\bin\java.dll
Event: 0.141 Loaded shared library C:\Program Files\Java\jdk-21\bin\jsvml.dll
Event: 0.855 Loaded shared library C:\Program Files\Java\jdk-21\bin\zip.dll
Event: 0.865 Loaded shared library C:\Program Files\Java\jdk-21\bin\instrument.dll
Event: 0.890 Loaded shared library C:\Program Files\Java\jdk-21\bin\net.dll
Event: 0.901 Loaded shared library C:\Program Files\Java\jdk-21\bin\nio.dll
Event: 0.907 Loaded shared library C:\Program Files\Java\jdk-21\bin\zip.dll
Event: 1.011 Loaded shared library C:\Program Files\Java\jdk-21\bin\jimage.dll
Event: 1.304 Loaded shared library C:\Program Files\Java\jdk-21\bin\verify.dll
Event: 5.683 Loaded shared library C:\Users\ADMIN\AppData\Roaming\Code\User\globalStorage\redhat.java\1.48.0\config_win\org.eclipse.equinox.launcher\org.eclipse.equinox.launcher.win32.win32.x86_64_1.2.1400.v20250801-0854\eclipse_11916.dll
Event: 11.677 Loaded shared library C:\Program Files\Java\jdk-21\bin\management.dll
Event: 11.682 Loaded shared library C:\Program Files\Java\jdk-21\bin\management_ext.dll

Deoptimization events (20 events):
Event: 16.085 Thread 0x0000023908a98f10 Uncommon trap: trap_request=0xffffffde fr.pc=0x00000238b5f900b8 relative=0x00000000000000f8
Event: 16.085 Thread 0x0000023908a98f10 Uncommon trap: reason=class_check action=maybe_recompile pc=0x00000238b5f900b8 method=java.lang.Character.codePointAt(Ljava/lang/CharSequence;I)I @ 2 c2
Event: 16.085 Thread 0x0000023908a98f10 DEOPT PACKING pc=0x00000238b5f900b8 sp=0x000000e600efe8c0
Event: 16.085 Thread 0x0000023908a98f10 DEOPT UNPACKING pc=0x00000238b5876da2 sp=0x000000e600efe848 mode 2
Event: 16.085 Thread 0x0000023908a98f10 Uncommon trap: trap_request=0xffffffde fr.pc=0x00000238b5f900b8 relative=0x00000000000000f8
Event: 16.085 Thread 0x0000023908a98f10 Uncommon trap: reason=class_check action=maybe_recompile pc=0x00000238b5f900b8 method=java.lang.Character.codePointAt(Ljava/lang/CharSequence;I)I @ 2 c2
Event: 16.085 Thread 0x0000023908a98f10 DEOPT PACKING pc=0x00000238b5f900b8 sp=0x000000e600efe8c0
Event: 16.085 Thread 0x0000023908a98f10 DEOPT UNPACKING pc=0x00000238b5876da2 sp=0x000000e600efe848 mode 2
Event: 16.085 Thread 0x0000023908a98f10 Uncommon trap: trap_request=0xffffffde fr.pc=0x00000238b5f900b8 relative=0x00000000000000f8
Event: 16.085 Thread 0x0000023908a98f10 Uncommon trap: reason=class_check action=maybe_recompile pc=0x00000238b5f900b8 method=java.lang.Character.codePointAt(Ljava/lang/CharSequence;I)I @ 2 c2
Event: 16.085 Thread 0x0000023908a98f10 DEOPT PACKING pc=0x00000238b5f900b8 sp=0x000000e600efe8c0
Event: 16.085 Thread 0x0000023908a98f10 DEOPT UNPACKING pc=0x00000238b5876da2 sp=0x000000e600efe848 mode 2
Event: 16.085 Thread 0x0000023908a98f10 Uncommon trap: trap_request=0xffffff76 fr.pc=0x00000238b5f6b580 relative=0x0000000000000380
Event: 16.085 Thread 0x0000023908a98f10 Uncommon trap: reason=predicate action=maybe_recompile pc=0x00000238b5f6b580 method=java.util.regex.Pattern$BmpCharPropertyGreedy.match(Ljava/util/regex/Matcher;ILjava/lang/CharSequence;)Z @ 12 c2
Event: 16.085 Thread 0x0000023908a98f10 DEOPT PACKING pc=0x00000238b5f6b580 sp=0x000000e600efe800
Event: 16.085 Thread 0x0000023908a98f10 DEOPT UNPACKING pc=0x00000238b5876da2 sp=0x000000e600efe7a8 mode 2
Event: 16.932 Thread 0x000002390860d920 Uncommon trap: trap_request=0xffffff45 fr.pc=0x00000238b5fa4814 relative=0x0000000000000354
Event: 16.932 Thread 0x000002390860d920 Uncommon trap: reason=unstable_if action=reinterpret pc=0x00000238b5fa4814 method=org.lombokweb.asm.Label.resolve([BLorg/lombokweb/asm/ByteVector;I)Z @ 81 c2
Event: 16.932 Thread 0x000002390860d920 DEOPT PACKING pc=0x00000238b5fa4814 sp=0x000000e6007f1f50
Event: 16.932 Thread 0x000002390860d920 DEOPT UNPACKING pc=0x00000238b5876da2 sp=0x000000e6007f1e58 mode 2

Classes loaded (20 events):
Event: 16.860 Loading class sun/reflect/annotation/TypeAnnotation$TypeAnnotationTarget
Event: 16.860 Loading class sun/reflect/annotation/TypeAnnotation$TypeAnnotationTarget done
Event: 16.860 Loading class sun/reflect/annotation/TypeAnnotation$LocationInfo
Event: 16.860 Loading class sun/reflect/annotation/TypeAnnotation$LocationInfo done
Event: 16.860 Loading class sun/reflect/annotation/TypeAnnotation$LocationInfo$Location
Event: 16.861 Loading class sun/reflect/annotation/TypeAnnotation$LocationInfo$Location done
Event: 16.861 Loading class sun/reflect/annotation/AnnotatedTypeFactory
Event: 16.861 Loading class sun/reflect/annotation/AnnotatedTypeFactory done
Event: 16.861 Loading class sun/reflect/annotation/AnnotatedTypeFactory$AnnotatedTypeBaseImpl
Event: 16.862 Loading class sun/reflect/annotation/AnnotatedTypeFactory$AnnotatedTypeBaseImpl done
Event: 17.010 Loading class java/lang/reflect/UndeclaredThrowableException
Event: 17.011 Loading class java/lang/reflect/UndeclaredThrowableException done
Event: 17.019 Loading class java/lang/annotation/ElementType
Event: 17.020 Loading class java/lang/annotation/ElementType done
Event: 17.020 Loading class java/lang/annotation/Documented
Event: 17.020 Loading class java/lang/annotation/Documented done
Event: 17.071 Loading class java/lang/reflect/ParameterizedType
Event: 17.071 Loading class java/lang/reflect/ParameterizedType done
Event: 17.139 Loading class java/lang/reflect/WildcardType
Event: 17.139 Loading class java/lang/reflect/WildcardType done

Classes unloaded (7 events):
Event: 15.450 Thread 0x00000238a5f3faf0 Unloading class 0x00000238c31b0800 'java/lang/invoke/LambdaForm$MH+0x00000238c31b0800'
Event: 15.450 Thread 0x00000238a5f3faf0 Unloading class 0x00000238c31b0400 'java/lang/invoke/LambdaForm$MH+0x00000238c31b0400'
Event: 15.450 Thread 0x00000238a5f3faf0 Unloading class 0x00000238c31b0000 'java/lang/invoke/LambdaForm$MH+0x00000238c31b0000'
Event: 15.450 Thread 0x00000238a5f3faf0 Unloading class 0x00000238c31afc00 'java/lang/invoke/LambdaForm$MH+0x00000238c31afc00'
Event: 15.450 Thread 0x00000238a5f3faf0 Unloading class 0x00000238c31af800 'java/lang/invoke/LambdaForm$BMH+0x00000238c31af800'
Event: 15.450 Thread 0x00000238a5f3faf0 Unloading class 0x00000238c31af400 'java/lang/invoke/LambdaForm$DMH+0x00000238c31af400'
Event: 15.452 Thread 0x00000238a5f3faf0 Unloading class 0x00000238c31ae000 'java/lang/invoke/LambdaForm$DMH+0x00000238c31ae000'

Classes redefined (0 events):
No events

Internal exceptions (20 events):
Event: 15.959 Thread 0x0000023908a98f10 Exception <a 'java/lang/NoSuchMethodError'{0x00000000d644f690}: 'java.lang.Object java.lang.invoke.Invokers$Holder.invoke_MT(java.lang.Object, java.lang.Object, java.lang.Object, java.lang.Object, java.lang.Object, java.lang.Object, java.lang.Object, java.lang.Object, java.lang.Object)'> (0x00000000d644f690) 
thrown [s\open\src\hotspot\share\interpreter\linkResolver.cpp, line 773]
Event: 16.033 Thread 0x0000023908a98f10 Exception <a 'java/lang/NoSuchMethodError'{0x00000000d6538410}: 'int java.lang.invoke.DirectMethodHandle$Holder.invokeVirtual(java.lang.Object, java.lang.Object, java.lang.Object)'> (0x00000000d6538410) 
thrown [s\open\src\hotspot\share\interpreter\linkResolver.cpp, line 773]
Event: 16.035 Thread 0x0000023908a98f10 Exception <a 'java/lang/NoSuchMethodError'{0x00000000d653beb8}: 'int java.lang.invoke.DirectMethodHandle$Holder.invokeStaticInit(java.lang.Object, java.lang.Object, java.lang.Object)'> (0x00000000d653beb8) 
thrown [s\open\src\hotspot\share\interpreter\linkResolver.cpp, line 773]
Event: 16.035 Thread 0x0000023908a98f10 Exception <a 'java/lang/NoSuchMethodError'{0x00000000d653f518}: 'int java.lang.invoke.DirectMethodHandle$Holder.invokeStaticInit(java.lang.Object, int, int)'> (0x00000000d653f518) 
thrown [s\open\src\hotspot\share\interpreter\linkResolver.cpp, line 773]
Event: 16.036 Thread 0x0000023908a98f10 Exception <a 'java/lang/NoSuchMethodError'{0x00000000d65467a0}: 'int java.lang.invoke.DirectMethodHandle$Holder.invokeStaticInit(java.lang.Object, long, long)'> (0x00000000d65467a0) 
thrown [s\open\src\hotspot\share\interpreter\linkResolver.cpp, line 773]
Event: 16.039 Thread 0x0000023908a98f10 Exception <a 'java/lang/NoSuchMethodError'{0x00000000d654d048}: 'int java.lang.invoke.DirectMethodHandle$Holder.invokeStaticInit(java.lang.Object, float, float)'> (0x00000000d654d048) 
thrown [s\open\src\hotspot\share\interpreter\linkResolver.cpp, line 773]
Event: 16.040 Thread 0x0000023908a98f10 Exception <a 'java/lang/NoSuchMethodError'{0x00000000d65538f8}: 'int java.lang.invoke.DirectMethodHandle$Holder.invokeStaticInit(java.lang.Object, double, double)'> (0x00000000d65538f8) 
thrown [s\open\src\hotspot\share\interpreter\linkResolver.cpp, line 773]
Event: 16.041 Thread 0x0000023908a98f10 Exception <a 'java/lang/NoSuchMethodError'{0x00000000d65579e8}: 'int java.lang.invoke.DirectMethodHandle$Holder.invokeStatic(java.lang.Object, long)'> (0x00000000d65579e8) 
thrown [s\open\src\hotspot\share\interpreter\linkResolver.cpp, line 773]
Event: 16.046 Thread 0x0000023908a98f10 Exception <a 'java/lang/NoSuchMethodError'{0x00000000d6568690}: 'int java.lang.invoke.DirectMethodHandle$Holder.invokeSpecial(java.lang.Object, java.lang.Object, int, int)'> (0x00000000d6568690) 
thrown [s\open\src\hotspot\share\interpreter\linkResolver.cpp, line 773]
Event: 16.046 Thread 0x0000023908a9bd00 Exception <a 'java/lang/NoSuchMethodError'{0x00000000d656caf8}: 'int java.lang.invoke.DirectMethodHandle$Holder.invokeSpecial(java.lang.Object, java.lang.Object, int, int)'> (0x00000000d656caf8) 
thrown [s\open\src\hotspot\share\interpreter\linkResolver.cpp, line 773]
Event: 16.050 Thread 0x0000023908a9bd00 Exception <a 'java/lang/NoSuchMethodError'{0x00000000d65892b0}: 'int java.lang.invoke.Invokers$Holder.linkToTargetMethod(java.lang.Object, java.lang.Object)'> (0x00000000d65892b0) 
thrown [s\open\src\hotspot\share\interpreter\linkResolver.cpp, line 773]
Event: 16.050 Thread 0x0000023908a98f10 Exception <a 'java/lang/NoSuchMethodError'{0x00000000d6583110}: 'int java.lang.invoke.Invokers$Holder.linkToTargetMethod(java.lang.Object, java.lang.Object)'> (0x00000000d6583110) 
thrown [s\open\src\hotspot\share\interpreter\linkResolver.cpp, line 773]
Event: 16.051 Thread 0x000002390860d920 Exception <a 'java/io/FileNotFoundException'{0x00000000d6497580}> (0x00000000d6497580) 
thrown [s\open\src\hotspot\share\prims\jni.cpp, line 520]
Event: 16.051 Thread 0x000002390860d920 Exception <a 'java/io/FileNotFoundException'{0x00000000d64983b0}> (0x00000000d64983b0) 
thrown [s\open\src\hotspot\share\prims\jni.cpp, line 520]
Event: 16.052 Thread 0x000002390860d920 Exception <a 'java/io/FileNotFoundException'{0x00000000d64992e8}> (0x00000000d64992e8) 
thrown [s\open\src\hotspot\share\prims\jni.cpp, line 520]
Event: 16.052 Thread 0x0000023908a9bd00 Exception <a 'java/lang/NoSuchMethodError'{0x00000000d6593650}: 'int java.lang.invoke.DirectMethodHandle$Holder.invokeSpecial(java.lang.Object, java.lang.Object, java.lang.Object, java.lang.Object)'> (0x00000000d6593650) 
thrown [s\open\src\hotspot\share\interpreter\linkResolver.cpp, line 773]
Event: 16.055 Thread 0x0000023908a9bd00 Exception <a 'java/lang/NoSuchMethodError'{0x00000000d65abc70}: 'java.lang.Object java.lang.invoke.DirectMethodHandle$Holder.invokeStatic(java.lang.Object, int, java.lang.Object, java.lang.Object)'> (0x00000000d65abc70) 
thrown [s\open\src\hotspot\share\interpreter\linkResolver.cpp, line 773]
Event: 16.057 Thread 0x0000023908a9bd00 Exception <a 'java/lang/NoSuchMethodError'{0x00000000d65af440}: 'java.lang.Object java.lang.invoke.DelegatingMethodHandle$Holder.delegate(java.lang.Object, int, java.lang.Object, java.lang.Object)'> (0x00000000d65af440) 
thrown [s\open\src\hotspot\share\interpreter\linkResolver.cpp, line 773]
Event: 16.067 Thread 0x0000023908a9bd00 Exception <a 'java/lang/NoSuchMethodError'{0x00000000d65f5b88}: 'int java.lang.invoke.Invokers$Holder.linkToTargetMethod(java.lang.Object, java.lang.Object, java.lang.Object)'> (0x00000000d65f5b88) 
thrown [s\open\src\hotspot\share\interpreter\linkResolver.cpp, line 773]
Event: 16.142 Thread 0x0000023908a98f10 Exception <a 'java/lang/NoSuchMethodError'{0x00000000d6a4d808}: 'java.lang.Object java.lang.invoke.DirectMethodHandle$Holder.invokeSpecialIFC(java.lang.Object, java.lang.Object, java.lang.Object, java.lang.Object)'> (0x00000000d6a4d808) 
thrown [s\open\src\hotspot\share\interpreter\linkResolver.cpp, line 773]

ZGC Phase Switch (0 events):
No events

VM Operations (20 events):
Event: 12.031 Executing VM operation: HandshakeAllThreads (Deoptimize)
Event: 12.031 Executing VM operation: HandshakeAllThreads (Deoptimize) done
Event: 12.043 Executing VM operation: HandshakeAllThreads (Deoptimize)
Event: 12.043 Executing VM operation: HandshakeAllThreads (Deoptimize) done
Event: 12.275 Executing VM operation: ICBufferFull
Event: 12.276 Executing VM operation: ICBufferFull done
Event: 12.957 Executing VM operation: ParallelGCFailedAllocation (Allocation Failure)
Event: 12.967 Executing VM operation: ParallelGCFailedAllocation (Allocation Failure) done
Event: 13.980 Executing VM operation: Cleanup
Event: 14.002 Executing VM operation: Cleanup done
Event: 15.014 Executing VM operation: Cleanup
Event: 15.079 Executing VM operation: Cleanup done
Event: 15.426 Executing VM operation: CollectForMetadataAllocation (Metadata GC Threshold)
Event: 15.536 Executing VM operation: CollectForMetadataAllocation (Metadata GC Threshold) done
Event: 16.069 Executing VM operation: HandshakeAllThreads (Deoptimize)
Event: 16.069 Executing VM operation: HandshakeAllThreads (Deoptimize) done
Event: 16.439 Executing VM operation: ParallelGCFailedAllocation (Allocation Failure)
Event: 16.443 Executing VM operation: ParallelGCFailedAllocation (Allocation Failure) done
Event: 16.959 Executing VM operation: ParallelGCFailedAllocation (Allocation Failure)
Event: 16.960 Executing VM operation: ParallelGCFailedAllocation (Allocation Failure) done

Events (20 events):
Event: 1.803 Thread 0x0000023903a86040 Thread added: 0x0000023903a86040
Event: 3.590 Thread 0x0000023908497440 Thread added: 0x0000023908497440
Event: 3.593 Thread 0x0000023908498100 Thread added: 0x0000023908498100
Event: 3.602 Thread 0x0000023908498d90 Thread added: 0x0000023908498d90
Event: 3.615 Thread 0x000002390861e920 Thread added: 0x000002390861e920
Event: 3.701 Thread 0x000002390857f010 Thread added: 0x000002390857f010
Event: 4.669 Thread 0x000002390857d340 Thread added: 0x000002390857d340
Event: 4.687 Thread 0x000002390860d920 Thread added: 0x000002390860d920
Event: 5.675 Thread 0x0000023908a52eb0 Thread added: 0x0000023908a52eb0
Event: 6.740 Thread 0x0000023908a9afe0 Thread added: 0x0000023908a9afe0
Event: 8.802 Thread 0x0000023908a9a2c0 Thread added: 0x0000023908a9a2c0
Event: 11.156 Thread 0x0000023908a9a950 Thread added: 0x0000023908a9a950
Event: 11.786 Thread 0x0000023908a9b670 Thread added: 0x0000023908a9b670
Event: 11.822 Thread 0x0000023908a9bd00 Thread added: 0x0000023908a9bd00
Event: 15.083 Thread 0x0000023908a98f10 Thread added: 0x0000023908a98f10
Event: 15.915 Thread 0x0000023908498100 Thread exited: 0x0000023908498100
Event: 15.926 Thread 0x0000023908498d90 Thread exited: 0x0000023908498d90
Event: 15.927 Thread 0x000002390861e920 Thread exited: 0x000002390861e920
Event: 15.930 Thread 0x0000023908497440 Thread exited: 0x0000023908497440
Event: 16.093 Thread 0x0000023908a9c390 Thread added: 0x0000023908a9c390


Dynamic libraries:
0x00007ff786df0000 - 0x00007ff786e00000 	C:\Program Files\Java\jdk-21\bin\java.exe
0x00007ffb1d280000 - 0x00007ffb1d4e8000 	C:\WINDOWS\SYSTEM32\ntdll.dll
0x00007ffb1bf30000 - 0x00007ffb1bff9000 	C:\WINDOWS\System32\KERNEL32.DLL
0x00007ffb1a640000 - 0x00007ffb1aa38000 	C:\WINDOWS\System32\KERNELBASE.dll
0x00007ffb1ab00000 - 0x00007ffb1ac4b000 	C:\WINDOWS\System32\ucrtbase.dll
0x00007ffb11090000 - 0x00007ffb110a9000 	C:\Program Files\Java\jdk-21\bin\jli.dll
0x00007ffb1d180000 - 0x00007ffb1d234000 	C:\WINDOWS\System32\ADVAPI32.dll
0x00007ffaf3f80000 - 0x00007ffaf3f9b000 	C:\Program Files\Java\jdk-21\bin\VCRUNTIME140.dll
0x00007ffb1c000000 - 0x00007ffb1c0a9000 	C:\WINDOWS\System32\msvcrt.dll
0x00007ffb1c290000 - 0x00007ffb1c336000 	C:\WINDOWS\System32\sechost.dll
0x00007ffb1cb10000 - 0x00007ffb1cc28000 	C:\WINDOWS\System32\RPCRT4.dll
0x00007ffb1b020000 - 0x00007ffb1b1e7000 	C:\WINDOWS\System32\USER32.dll
0x00007ffb1aff0000 - 0x00007ffb1b017000 	C:\WINDOWS\System32\win32u.dll
0x00007ffb1cce0000 - 0x00007ffb1cd0b000 	C:\WINDOWS\System32\GDI32.dll
0x00007ffb1a460000 - 0x00007ffb1a58c000 	C:\WINDOWS\System32\gdi32full.dll
0x00007ffaf0690000 - 0x00007ffaf0924000 	C:\WINDOWS\WinSxS\amd64_microsoft.windows.common-controls_6595b64144ccf1df_6.0.26100.7019_none_3e06ffa0e335b8a8\COMCTL32.dll
0x00007ffb1af40000 - 0x00007ffb1afe3000 	C:\WINDOWS\System32\msvcp_win.dll
0x00007ffb0bd10000 - 0x00007ffb0bd1b000 	C:\WINDOWS\SYSTEM32\VERSION.dll
0x00007ffb1ce10000 - 0x00007ffb1ce41000 	C:\WINDOWS\System32\IMM32.DLL
0x00007ffb16fc0000 - 0x00007ffb16fcc000 	C:\Program Files\Java\jdk-21\bin\vcruntime140_1.dll
0x00007ffacaf80000 - 0x00007ffacb00e000 	C:\Program Files\Java\jdk-21\bin\msvcp140.dll
0x00007ffab6100000 - 0x00007ffab6e13000 	C:\Program Files\Java\jdk-21\bin\server\jvm.dll
0x00007ffb1b1f0000 - 0x00007ffb1b264000 	C:\WINDOWS\System32\WS2_32.dll
0x00007ffb1a250000 - 0x00007ffb1a2ae000 	C:\WINDOWS\SYSTEM32\POWRPROF.dll
0x00007ffaf65c0000 - 0x00007ffaf65f5000 	C:\WINDOWS\SYSTEM32\WINMM.dll
0x00007ffb1a230000 - 0x00007ffb1a244000 	C:\WINDOWS\SYSTEM32\UMPDC.dll
0x00007ffb19190000 - 0x00007ffb191ab000 	C:\WINDOWS\SYSTEM32\kernel.appcore.dll
0x00007ffb14b90000 - 0x00007ffb14b9a000 	C:\Program Files\Java\jdk-21\bin\jimage.dll
0x00007ffb174e0000 - 0x00007ffb17722000 	C:\WINDOWS\SYSTEM32\DBGHELP.DLL
0x00007ffb1bb70000 - 0x00007ffb1befb000 	C:\WINDOWS\System32\combase.dll
0x00007ffb1b360000 - 0x00007ffb1b437000 	C:\WINDOWS\System32\OLEAUT32.dll
0x00007ffb085c0000 - 0x00007ffb085fc000 	C:\WINDOWS\SYSTEM32\dbgcore.DLL
0x00007ffb1a590000 - 0x00007ffb1a635000 	C:\WINDOWS\System32\bcryptPrimitives.dll
0x00007ffb13e00000 - 0x00007ffb13e0f000 	C:\Program Files\Java\jdk-21\bin\instrument.dll
0x00007ffaf3f60000 - 0x00007ffaf3f7f000 	C:\Program Files\Java\jdk-21\bin\java.dll
0x00007ffb1c340000 - 0x00007ffb1ca8f000 	C:\WINDOWS\System32\SHELL32.dll
0x00007ffb1ac50000 - 0x00007ffb1adbb000 	C:\WINDOWS\System32\wintypes.dll
0x00007ffb18030000 - 0x00007ffb1888d000 	C:\WINDOWS\SYSTEM32\windows.storage.dll
0x00007ffb1ce50000 - 0x00007ffb1cf42000 	C:\WINDOWS\System32\SHCORE.dll
0x00007ffb1caa0000 - 0x00007ffb1cb07000 	C:\WINDOWS\System32\shlwapi.dll
0x00007ffb1a2f0000 - 0x00007ffb1a319000 	C:\WINDOWS\SYSTEM32\profapi.dll
0x00007ffacaea0000 - 0x00007ffacaf77000 	C:\Program Files\Java\jdk-21\bin\jsvml.dll
0x00007ffaf3f40000 - 0x00007ffaf3f58000 	C:\Program Files\Java\jdk-21\bin\zip.dll
0x00007ffb13670000 - 0x00007ffb13680000 	C:\Program Files\Java\jdk-21\bin\net.dll
0x00007ffb0e030000 - 0x00007ffb0e158000 	C:\WINDOWS\SYSTEM32\WINHTTP.dll
0x00007ffb19700000 - 0x00007ffb1976b000 	C:\WINDOWS\system32\mswsock.dll
0x00007ffad6fe0000 - 0x00007ffad6ff6000 	C:\Program Files\Java\jdk-21\bin\nio.dll
0x00007ffb135c0000 - 0x00007ffb135d0000 	C:\Program Files\Java\jdk-21\bin\verify.dll
0x00007ffacac10000 - 0x00007ffacac54000 	C:\Users\ADMIN\AppData\Roaming\Code\User\globalStorage\redhat.java\1.48.0\config_win\org.eclipse.equinox.launcher\org.eclipse.equinox.launcher.win32.win32.x86_64_1.2.1400.v20250801-0854\eclipse_11916.dll
0x00007ffb1b440000 - 0x00007ffb1b5d7000 	C:\WINDOWS\System32\ole32.dll
0x00007ffb10e90000 - 0x00007ffb10e9a000 	C:\Program Files\Java\jdk-21\bin\management.dll
0x00007ffaf3eb0000 - 0x00007ffaf3ebb000 	C:\Program Files\Java\jdk-21\bin\management_ext.dll
0x00007ffb1ccd0000 - 0x00007ffb1ccd8000 	C:\WINDOWS\System32\PSAPI.DLL

dbghelp: loaded successfully - version: 4.0.5 - missing functions: none
symbol engine: initialized successfully - sym options: 0x614 - pdb path: .;C:\Program Files\Java\jdk-21\bin;C:\WINDOWS\SYSTEM32;C:\WINDOWS\WinSxS\amd64_microsoft.windows.common-controls_6595b64144ccf1df_6.0.26100.7019_none_3e06ffa0e335b8a8;C:\Program Files\Java\jdk-21\bin\server;C:\Users\ADMIN\AppData\Roaming\Code\User\globalStorage\redhat.java\1.48.0\config_win\org.eclipse.equinox.launcher\org.eclipse.equinox.launcher.win32.win32.x86_64_1.2.1400.v20250801-0854

VM Arguments:
jvm_args: --add-modules=ALL-SYSTEM --add-opens=java.base/java.util=ALL-UNNAMED --add-opens=java.base/java.lang=ALL-UNNAMED --add-opens=java.base/sun.nio.fs=ALL-UNNAMED -Declipse.application=org.eclipse.jdt.ls.core.id1 -Dosgi.bundles.defaultStartLevel=4 -Declipse.product=org.eclipse.jdt.ls.core.product -Djava.import.generatesMetadataFilesAtProjectRoot=false -DDetectVMInstallationsJob.disabled=true -Dfile.encoding=utf8 -XX:+UseParallelGC -XX:GCTimeRatio=4 -XX:AdaptiveSizePolicyWeight=90 -Dsun.zip.disableMemoryMapping=true -Xmx2G -Xms100m -Xlog:disable -javaagent:c:\Users\ADMIN\.vscode\extensions\redhat.java-1.48.0\lombok\lombok-1.18.39-4050.jar -XX:+HeapDumpOnOutOfMemoryError -XX:HeapDumpPath=c:\Users\ADMIN\AppData\Roaming\Code\User\workspaceStorage\29bae93e5503c94e908dc73e31ab6b48\redhat.java -Daether.dependencyCollector.impl=bf 
java_command: c:\Users\ADMIN\.vscode\extensions\redhat.java-1.48.0\server\plugins\org.eclipse.equinox.launcher_1.7.100.v20251111-0406.jar -configuration c:\Users\ADMIN\AppData\Roaming\Code\User\globalStorage\redhat.java\1.48.0\config_win -data c:\Users\ADMIN\AppData\Roaming\Code\User\workspaceStorage\29bae93e5503c94e908dc73e31ab6b48\redhat.java\jdt_ws --pipe=\\.\pipe\lsp-342bfb8cca309df87d084298fa9a19c8-sock
java_class_path (initial): c:\Users\ADMIN\.vscode\extensions\redhat.java-1.48.0\server\plugins\org.eclipse.equinox.launcher_1.7.100.v20251111-0406.jar
Launcher Type: SUN_STANDARD

[Global flags]
    uintx AdaptiveSizePolicyWeight                 = 90                                        {product} {command line}
     intx CICompilerCount                          = 3                                         {product} {ergonomic}
    uintx GCTimeRatio                              = 4                                         {product} {command line}
     bool HeapDumpOnOutOfMemoryError               = true                                   {manageable} {command line}
    ccstr HeapDumpPath                             = c:\Users\ADMIN\AppData\Roaming\Code\User\workspaceStorage\29bae93e5503c94e908dc73e31ab6b48\redhat.java         {manageable} {command line}
   size_t InitialHeapSize                          = 104857600                                 {product} {command line}
   size_t MaxHeapSize                              = 2147483648                                {product} {command line}
   size_t MaxNewSize                               = 715653120                                 {product} {ergonomic}
   size_t MinHeapDeltaBytes                        = 524288                                    {product} {ergonomic}
   size_t MinHeapSize                              = 104857600                                 {product} {command line}
   size_t NewSize                                  = 34603008                                  {product} {ergonomic}
    uintx NonNMethodCodeHeapSize                   = 5832780                                {pd product} {ergonomic}
    uintx NonProfiledCodeHeapSize                  = 122912730                              {pd product} {ergonomic}
   size_t OldSize                                  = 70254592                                  {product} {ergonomic}
    uintx ProfiledCodeHeapSize                     = 122912730                              {pd product} {ergonomic}
    uintx ReservedCodeCacheSize                    = 251658240                              {pd product} {ergonomic}
     bool SegmentedCodeCache                       = true                                      {product} {ergonomic}
   size_t SoftMaxHeapSize                          = 2147483648                             {manageable} {ergonomic}
     bool UseCompressedOops                        = true                           {product lp64_product} {ergonomic}
     bool UseLargePagesIndividualAllocation        = false                                  {pd product} {ergonomic}
     bool UseParallelGC                            = true                                      {product} {command line}

Logging:
Log output configuration:
 #0: stdout all=off uptime,level,tags foldmultilines=false
 #1: stderr all=off uptime,level,tags foldmultilines=false

Environment Variables:
PATH=C:\Program Files\Python313\Scripts\;C:\Program Files\Python313\;C:\Program Files (x86)\VMware\VMware Player\bin\;C:\Program Files\Common Files\Oracle\Java\javapath;C:\WINDOWS\system32;C:\WINDOWS;C:\WINDOWS\System32\Wbem;C:\WINDOWS\System32\WindowsPowerShell\v1.0\;C:\WINDOWS\System32\OpenSSH\;C:\Program Files\Git\cmd;C:\Program Files (x86)\Microsoft SQL Server\160\Tools\Binn\;C:\Program Files\Microsoft SQL Server\160\Tools\Binn\;C:\Program Files\Microsoft SQL Server\Client SDK\ODBC\170\Tools\Binn\;C:\Program Files\Microsoft SQL Server\160\DTS\Binn\;C:\Program Files (x86)\Microsoft SQL Server\160\DTS\Binn\;C:\Users\ADMIN\AppData\Local\Programs\Python\Launcher\;C:\Users\ADMIN\AppData\Local\Microsoft\WindowsApps;C:\Users\ADMIN\AppData\Local\Programs\Microsoft VS Code\bin;C:\Users\ADMIN\AppData\Local\Programs\cursor\resources\app\bin
USERNAME=ADMIN
OS=Windows_NT
PROCESSOR_IDENTIFIER=Intel64 Family 6 Model 126 Stepping 5, GenuineIntel
TMP=C:\Users\ADMIN\AppData\Local\Temp
TEMP=C:\Users\ADMIN\AppData\Local\Temp




---------------  S Y S T E M  ---------------

OS:
 Windows 11 , 64 bit Build 26100 (10.0.26100.7019)
OS uptime: 0 days 3:21 hours

CPU: total 4 (initial active 4) (2 cores per cpu, 2 threads per core) family 6 model 126 stepping 5 microcode 0xbc, cx8, cmov, fxsr, ht, mmx, 3dnowpref, sse, sse2, sse3, ssse3, sse4.1, sse4.2, popcnt, lzcnt, tsc, tscinvbit, avx, avx2, aes, erms, clmul, bmi1, bmi2, adx, avx512f, avx512dq, avx512cd, avx512bw, avx512vl, sha, fma, vzeroupper, avx512_vpopcntdq, avx512_vpclmulqdq, avx512_vaes, avx512_vnni, clflush, clflushopt, avx512_vbmi2, avx512_vbmi, rdtscp, rdpid, fsrm, gfni, avx512_bitalg, f16c, pku, avx512_ifma
Processor Information for all 4 processors :
  Max Mhz: 1201, Current Mhz: 1200, Mhz Limit: 1188

Memory: 4k page, system-wide physical 3783M (299M free)
TotalPageFile size 11975M (AvailPageFile size 76M)
current process WorkingSet (physical memory assigned to process): 134M, peak: 134M
current process commit charge ("private bytes"): 268M, peak: 269M

vm_info: Java HotSpot(TM) 64-Bit Server VM (21+35-LTS-2513) for windows-amd64 JRE (21+35-LTS-2513), built on 2023-08-09T20:25:10Z by "mach5one" with MS VC++ 17.1 (VS2022)

END.
