#
# There is insufficient memory for the Java Runtime Environment to continue.
# Native memory allocation (malloc) failed to allocate 369088 bytes for Chunk::new
# Possible reasons:
#   The system is out of physical RAM or swap space
#   The process is running with CompressedOops enabled, and the Java Heap may be blocking the growth of the native heap
# Possible solutions:
#   Reduce memory load on the system
#   Increase physical memory or swap space
#   Check if swap backing store is full
#   Decrease Java heap size (-Xmx/-Xms)
#   Decrease number of Java threads
#   Decrease Java thread stack sizes (-Xss)
#   Set larger code cache with -XX:ReservedCodeCacheSize=
#   JVM is running with Unscaled Compressed Oops mode in which the Java heap is
#     placed in the first 4GB address space. The Java Heap base address is the
#     maximum limit for the native heap growth. Please use -XX:HeapBaseMinAddress
#     to set the Java Heap base and to place the Java Heap above 4GB virtual address.
# This output file may be truncated or incomplete.
#
#  Out of Memory Error (arena.cpp:166), pid=11252, tid=9016
#
# JRE version: Java(TM) SE Runtime Environment (21.0+35) (build 21+35-LTS-2513)
# Java VM: Java HotSpot(TM) 64-Bit Server VM (21+35-LTS-2513, mixed mode, sharing, tiered, compressed oops, compressed class ptrs, parallel gc, windows-amd64)
# No core dump will be written. Minidumps are not enabled by default on client versions of Windows
#

---------------  S U M M A R Y ------------

Command Line: --add-modules=ALL-SYSTEM --add-opens=java.base/java.util=ALL-UNNAMED --add-opens=java.base/java.lang=ALL-UNNAMED --add-opens=java.base/sun.nio.fs=ALL-UNNAMED -Declipse.application=org.eclipse.jdt.ls.core.id1 -Dosgi.bundles.defaultStartLevel=4 -Declipse.product=org.eclipse.jdt.ls.core.product -Djava.import.generatesMetadataFilesAtProjectRoot=false -DDetectVMInstallationsJob.disabled=true -Dfile.encoding=utf8 -XX:+UseParallelGC -XX:GCTimeRatio=4 -XX:AdaptiveSizePolicyWeight=90 -Dsun.zip.disableMemoryMapping=true -Xmx2G -Xms100m -Xlog:disable -javaagent:c:\Users\ADMIN\.vscode\extensions\redhat.java-1.48.0\lombok\lombok-1.18.39-4050.jar c:\Users\ADMIN\.vscode\extensions\redhat.java-1.48.0\server\plugins\org.eclipse.equinox.launcher_1.7.100.v20251111-0406.jar -configuration c:\Users\ADMIN\AppData\Roaming\Code\User\globalStorage\redhat.java\1.48.0\config_ss_win -data c:\Users\ADMIN\AppData\Roaming\Code\User\workspaceStorage\29bae93e5503c94e908dc73e31ab6b48\redhat.java\ss_ws --pipe=\\.\pipe\lsp-0b0685dfabe8dfbafa2872ef5ed8b026-sock

Host: Intel(R) Core(TM) i3-1005G1 CPU @ 1.20GHz, 4 cores, 3G,  Windows 11 , 64 bit Build 26100 (10.0.26100.7019)
Time: Wed Nov 19 14:01:31 2025 SE Asia Standard Time elapsed time: 3.370281 seconds (0d 0h 0m 3s)

---------------  T H R E A D  ---------------

Current thread (0x000001337c639a20):  JavaThread "C2 CompilerThread0" daemon [_thread_in_native, id=9016, stack(0x000000332bb00000,0x000000332bc00000) (1024K)]


Current CompileTask:
C2:   3370 1654       4       java.io.WinNTFileSystem::normalize (143 bytes)

Stack: [0x000000332bb00000,0x000000332bc00000]
Native frames: (J=compiled Java code, j=interpreted, Vv=VM code, C=native code)
V  [jvm.dll+0x6c8d39]
V  [jvm.dll+0x854091]
V  [jvm.dll+0x85630e]
V  [jvm.dll+0x8569e3]
V  [jvm.dll+0x2809a6]
V  [jvm.dll+0xc3e6d]
V  [jvm.dll+0xc4383]
V  [jvm.dll+0x3b551c]
V  [jvm.dll+0x382245]
V  [jvm.dll+0x3816ba]
V  [jvm.dll+0x249800]
V  [jvm.dll+0x248de1]
V  [jvm.dll+0x1c9b91]
V  [jvm.dll+0x2583e9]
V  [jvm.dll+0x2569ca]
V  [jvm.dll+0x3eef66]
V  [jvm.dll+0x7fd2c8]
V  [jvm.dll+0x6c748d]
C  [ucrtbase.dll+0x37b0]
C  [KERNEL32.DLL+0x2e8d7]
C  [ntdll.dll+0x8c53c]


---------------  P R O C E S S  ---------------

Threads class SMR info:
_java_thread_list=0x000001337db21330, length=20, elements={
0x0000013371a93430, 0x0000013371c4e0a0, 0x000001337c62a6f0, 0x000001337c6310b0,
0x000001337c631b10, 0x000001337c633ad0, 0x000001337c635540, 0x000001337c639a20,
0x000001337c653e20, 0x000001337d526cd0, 0x000001337d66d300, 0x000001337dd96df0,
0x000001337ddc6cf0, 0x000001337ddf50a0, 0x000001337dbe6e50, 0x000001337deae0f0,
0x000001337dbfe4b0, 0x000001337dddec20, 0x000001337dcb77e0, 0x000001337df87d80
}

Java Threads: ( => current thread )
  0x0000013371a93430 JavaThread "main"                              [_thread_blocked, id=11800, stack(0x000000332b100000,0x000000332b200000) (1024K)]
  0x0000013371c4e0a0 JavaThread "Reference Handler"          daemon [_thread_blocked, id=13168, stack(0x000000332b500000,0x000000332b600000) (1024K)]
  0x000001337c62a6f0 JavaThread "Finalizer"                  daemon [_thread_blocked, id=13908, stack(0x000000332b600000,0x000000332b700000) (1024K)]
  0x000001337c6310b0 JavaThread "Signal Dispatcher"          daemon [_thread_blocked, id=7016, stack(0x000000332b700000,0x000000332b800000) (1024K)]
  0x000001337c631b10 JavaThread "Attach Listener"            daemon [_thread_blocked, id=2060, stack(0x000000332b800000,0x000000332b900000) (1024K)]
  0x000001337c633ad0 JavaThread "Service Thread"             daemon [_thread_blocked, id=1952, stack(0x000000332b900000,0x000000332ba00000) (1024K)]
  0x000001337c635540 JavaThread "Monitor Deflation Thread"   daemon [_thread_blocked, id=10916, stack(0x000000332ba00000,0x000000332bb00000) (1024K)]
=>0x000001337c639a20 JavaThread "C2 CompilerThread0"         daemon [_thread_in_native, id=9016, stack(0x000000332bb00000,0x000000332bc00000) (1024K)]
  0x000001337c653e20 JavaThread "C1 CompilerThread0"         daemon [_thread_blocked, id=10464, stack(0x000000332bc00000,0x000000332bd00000) (1024K)]
  0x000001337d526cd0 JavaThread "Common-Cleaner"             daemon [_thread_blocked, id=16056, stack(0x000000332bd00000,0x000000332be00000) (1024K)]
  0x000001337d66d300 JavaThread "Notification Thread"        daemon [_thread_blocked, id=1676, stack(0x000000332be00000,0x000000332bf00000) (1024K)]
  0x000001337dd96df0 JavaThread "Equinox resolver thread - Equinox Container: c71552ea-38c7-4798-91dd-b17042411417" daemon [_thread_blocked, id=6800, stack(0x000000332c200000,0x000000332c300000) (1024K)]
  0x000001337ddc6cf0 JavaThread "Equinox resolver thread - Equinox Container: c71552ea-38c7-4798-91dd-b17042411417" daemon [_thread_blocked, id=3868, stack(0x000000332c300000,0x000000332c400000) (1024K)]
  0x000001337ddf50a0 JavaThread "Equinox resolver thread - Equinox Container: c71552ea-38c7-4798-91dd-b17042411417" daemon [_thread_blocked, id=7792, stack(0x000000332c400000,0x000000332c500000) (1024K)]
  0x000001337dbe6e50 JavaThread "Equinox resolver thread - Equinox Container: c71552ea-38c7-4798-91dd-b17042411417" daemon [_thread_blocked, id=9976, stack(0x000000332c500000,0x000000332c600000) (1024K)]
  0x000001337deae0f0 JavaThread "Active Thread: Equinox Container: c71552ea-38c7-4798-91dd-b17042411417"        [_thread_blocked, id=15864, stack(0x000000332c600000,0x000000332c700000) (1024K)]
  0x000001337dbfe4b0 JavaThread "Framework Event Dispatcher: Equinox Container: c71552ea-38c7-4798-91dd-b17042411417" daemon [_thread_blocked, id=6372, stack(0x000000332c700000,0x000000332c800000) (1024K)]
  0x000001337dddec20 JavaThread "Start Level: Equinox Container: c71552ea-38c7-4798-91dd-b17042411417" daemon [_thread_in_native, id=15664, stack(0x000000332c800000,0x000000332c900000) (1024K)]
  0x000001337dcb77e0 JavaThread "C2 CompilerThread1"         daemon [_thread_in_native, id=10020, stack(0x000000332c900000,0x000000332ca00000) (1024K)]
  0x000001337df87d80 JavaThread "Refresh Thread: Equinox Container: c71552ea-38c7-4798-91dd-b17042411417" daemon [_thread_blocked, id=14732, stack(0x000000332ca00000,0x000000332cb00000) (1024K)]
Total: 20

Other Threads:
  0x0000013371a71570 VMThread "VM Thread"                           [id=2076, stack(0x000000332b400000,0x000000332b500000) (1024K)]
  0x0000013371bff840 WatcherThread "VM Periodic Task Thread"        [id=9180, stack(0x000000332b300000,0x000000332b400000) (1024K)]
  0x0000013371a70e30 WorkerThread "GC Thread#0"                     [id=14316, stack(0x000000332b200000,0x000000332b300000) (1024K)]
  0x000001337d783f00 WorkerThread "GC Thread#1"                     [id=12792, stack(0x000000332bf00000,0x000000332c000000) (1024K)]
  0x000001337d785fa0 WorkerThread "GC Thread#2"                     [id=11320, stack(0x000000332c000000,0x000000332c100000) (1024K)]
  0x000001337d785860 WorkerThread "GC Thread#3"                     [id=8880, stack(0x000000332c100000,0x000000332c200000) (1024K)]
Total: 6

Threads with active compile tasks:
C2 CompilerThread0     4702 1654       4       java.io.WinNTFileSystem::normalize (143 bytes)
C2 CompilerThread1     4702 2290       4       org.apache.felix.resolver.PackageSpaces::mergeUses (494 bytes)
Total: 2

VM state: not at safepoint (normal execution)

VM Mutex/Monitor currently owned by a thread: None

OutOfMemory and StackOverflow Exception counts:
OutOfMemoryError java_heap_errors=1
LinkageErrors=29

Heap address: 0x0000000080000000, size: 2048 MB, Compressed Oops mode: 32-bit

CDS archive(s) mapped at: [0x0000013313000000-0x0000013313c90000-0x0000013313c90000), size 13172736, SharedBaseAddress: 0x0000013313000000, ArchiveRelocationMode: 1.
Compressed class space mapped at: 0x0000013314000000-0x0000013354000000, reserved size: 1073741824
Narrow klass base: 0x0000013313000000, Narrow klass shift: 0, Narrow klass range: 0x100000000

GC Precious Log:
 CardTable entry size: 512
 CPUs: 4 total, 4 available
 Memory: 3783M
 Large Page Support: Disabled
 NUMA Support: Disabled
 Compressed Oops: Enabled (32-bit)
 Alignments: Space 512K, Generation 512K, Heap 2M
 Heap Min Capacity: 100M
 Heap Initial Capacity: 100M
 Heap Max Capacity: 2G
 Pre-touch: Disabled
 Parallel Workers: 4

Heap:
 PSYoungGen      total 29696K, used 4328K [0x00000000d5580000, 0x00000000d7680000, 0x0000000100000000)
  eden space 25600K, 0% used [0x00000000d5580000,0x00000000d55bb3b0,0x00000000d6e80000)
  from space 4096K, 99% used [0x00000000d6e80000,0x00000000d727ef48,0x00000000d7280000)
  to   space 4096K, 0% used [0x00000000d7280000,0x00000000d7280000,0x00000000d7680000)
 ParOldGen       total 68608K, used 3486K [0x0000000080000000, 0x0000000084300000, 0x00000000d5580000)
  object space 68608K, 5% used [0x0000000080000000,0x0000000080367a68,0x0000000084300000)
 Metaspace       used 9476K, committed 9792K, reserved 1114112K
  class space    used 939K, committed 1088K, reserved 1048576K

Card table byte_map: [0x000001337ba20000,0x000001337be30000] _byte_map_base: 0x000001337b620000

Marking Bits: (ParMarkBitMap*) 0x00007ffd00acd4a0
 Begin Bits: [0x000001330f000000, 0x0000013311000000)
 End Bits:   [0x0000013311000000, 0x0000013313000000)

Polling page: 0x0000013371c50000

Metaspace:

Usage:
  Non-class:      8.34 MB used.
      Class:    939.91 KB used.
       Both:      9.25 MB used.

Virtual space:
  Non-class space:       64.00 MB reserved,       8.50 MB ( 13%) committed,  1 nodes.
      Class space:        1.00 GB reserved,       1.06 MB ( <1%) committed,  1 nodes.
             Both:        1.06 GB reserved,       9.56 MB ( <1%) committed. 

Chunk freelists:
   Non-Class:  7.50 MB
       Class:  14.82 MB
        Both:  22.32 MB

MaxMetaspaceSize: unlimited
CompressedClassSpaceSize: 1.00 GB
Initial GC threshold: 21.00 MB
Current GC threshold: 21.00 MB
CDS: on
 - commit_granule_bytes: 65536.
 - commit_granule_words: 8192.
 - virtual_space_node_default_size: 8388608.
 - enlarge_chunks_in_place: 1.
 - use_allocation_guard: 0.


Internal statistics:

num_allocs_failed_limit: 0.
num_arena_births: 246.
num_arena_deaths: 0.
num_vsnodes_births: 2.
num_vsnodes_deaths: 0.
num_space_committed: 153.
num_space_uncommitted: 0.
num_chunks_returned_to_freelist: 0.
num_chunks_taken_from_freelist: 478.
num_chunk_merges: 0.
num_chunk_splits: 308.
num_chunks_enlarged: 211.
num_inconsistent_stats: 0.

CodeHeap 'non-profiled nmethods': size=120000Kb used=854Kb max_used=854Kb free=119145Kb
 bounds [0x0000013307ad0000, 0x0000013307d40000, 0x000001330f000000]
CodeHeap 'profiled nmethods': size=120000Kb used=4750Kb max_used=4750Kb free=115249Kb
 bounds [0x0000013300000000, 0x00000133004b0000, 0x0000013307530000]
CodeHeap 'non-nmethods': size=5760Kb used=1238Kb max_used=1253Kb free=4521Kb
 bounds [0x0000013307530000, 0x00000133077a0000, 0x0000013307ad0000]
 total_blobs=2890 nmethods=2398 adapters=398
 compilation: enabled
              stopped_count=0, restarted_count=0
 full_count=0

Compilation events (20 events):
Event: 3.312 Thread 0x000001337c653e20 nmethod 1647 0x00000133002ffb90 code [0x00000133002ffe20, 0x0000013300300898]
Event: 3.316 Thread 0x000001337c653e20 1648       3       sun.net.util.IPAddressUtil::scan (62 bytes)
Event: 3.317 Thread 0x000001337c653e20 nmethod 1648 0x0000013300300d10 code [0x0000013300300f60, 0x0000013300301878]
Event: 3.317 Thread 0x000001337c653e20 1649       3       java.net.URL::<init> (438 bytes)
Event: 3.320 Thread 0x000001337c639a20 1650       4       java.lang.StringLatin1::inflate (34 bytes)
Event: 3.321 Thread 0x000001337c653e20 nmethod 1649 0x0000013300301c90 code [0x0000013300302360, 0x0000013300305810]
Event: 3.327 Thread 0x000001337c639a20 nmethod 1650 0x0000013307b65f10 code [0x0000013307b660a0, 0x0000013307b66298]
Event: 3.336 Thread 0x000001337c653e20 1651       3       java.lang.String::getChars (55 bytes)
Event: 3.337 Thread 0x000001337c653e20 nmethod 1651 0x0000013300306c10 code [0x0000013300306e40, 0x0000013300307598]
Event: 3.337 Thread 0x000001337c653e20 1652       3       java.lang.StringLatin1::getChars (12 bytes)
Event: 3.337 Thread 0x000001337c653e20 nmethod 1652 0x0000013300307890 code [0x0000013300307a40, 0x0000013300307b68]
Event: 3.337 Thread 0x000001337c653e20 1653       3       jdk.internal.misc.CarrierThreadLocal::get (10 bytes)
Event: 3.337 Thread 0x000001337c653e20 nmethod 1653 0x0000013300307c10 code [0x0000013300307de0, 0x00000133003080a0]
Event: 3.341 Thread 0x000001337c639a20 1654       4       java.io.WinNTFileSystem::normalize (143 bytes)
Event: 3.345 Thread 0x000001337c653e20 1655       3       java.io.File::slashify (84 bytes)
Event: 3.346 Thread 0x000001337c653e20 nmethod 1655 0x0000013300308190 code [0x00000133003084a0, 0x0000013300309210]
Event: 3.348 Thread 0x000001337c653e20 1656       3       java.io.File::isAbsolute (8 bytes)
Event: 3.348 Thread 0x000001337c653e20 nmethod 1656 0x0000013300309790 code [0x0000013300309940, 0x0000013300309a90]
Event: 3.348 Thread 0x000001337c653e20 1657       3       java.io.WinNTFileSystem::isAbsolute (36 bytes)
Event: 3.349 Thread 0x000001337c653e20 nmethod 1657 0x0000013300309b10 code [0x0000013300309d20, 0x000001330030a3f0]

GC Heap History (2 events):
Event: 1.863 GC heap before
{Heap before GC invocations=1 (full 0):
 PSYoungGen      total 29696K, used 25600K [0x00000000d5580000, 0x00000000d7680000, 0x0000000100000000)
  eden space 25600K, 100% used [0x00000000d5580000,0x00000000d6e80000,0x00000000d6e80000)
  from space 4096K, 0% used [0x00000000d7280000,0x00000000d7280000,0x00000000d7680000)
  to   space 4096K, 0% used [0x00000000d6e80000,0x00000000d6e80000,0x00000000d7280000)
 ParOldGen       total 68608K, used 0K [0x0000000080000000, 0x0000000084300000, 0x00000000d5580000)
  object space 68608K, 0% used [0x0000000080000000,0x0000000080000000,0x0000000084300000)
 Metaspace       used 4565K, committed 4800K, reserved 1114112K
  class space    used 469K, committed 576K, reserved 1048576K
}
Event: 1.880 GC heap after
{Heap after GC invocations=1 (full 0):
 PSYoungGen      total 29696K, used 3271K [0x00000000d5580000, 0x00000000d7680000, 0x0000000100000000)
  eden space 25600K, 0% used [0x00000000d5580000,0x00000000d5580000,0x00000000d6e80000)
  from space 4096K, 79% used [0x00000000d6e80000,0x00000000d71b1e98,0x00000000d7280000)
  to   space 4096K, 0% used [0x00000000d7280000,0x00000000d7280000,0x00000000d7680000)
 ParOldGen       total 68608K, used 0K [0x0000000080000000, 0x0000000084300000, 0x00000000d5580000)
  object space 68608K, 0% used [0x0000000080000000,0x0000000080000000,0x0000000084300000)
 Metaspace       used 4565K, committed 4800K, reserved 1114112K
  class space    used 469K, committed 576K, reserved 1048576K
}

Dll operation events (9 events):
Event: 0.071 Loaded shared library C:\Program Files\Java\jdk-21\bin\java.dll
Event: 0.220 Loaded shared library C:\Program Files\Java\jdk-21\bin\jsvml.dll
Event: 0.315 Loaded shared library C:\Program Files\Java\jdk-21\bin\zip.dll
Event: 0.326 Loaded shared library C:\Program Files\Java\jdk-21\bin\instrument.dll
Event: 0.343 Loaded shared library C:\Program Files\Java\jdk-21\bin\net.dll
Event: 0.349 Loaded shared library C:\Program Files\Java\jdk-21\bin\nio.dll
Event: 0.355 Loaded shared library C:\Program Files\Java\jdk-21\bin\zip.dll
Event: 0.389 Loaded shared library C:\Program Files\Java\jdk-21\bin\jimage.dll
Event: 0.612 Loaded shared library C:\Program Files\Java\jdk-21\bin\verify.dll

Deoptimization events (20 events):
Event: 2.736 Thread 0x0000013371a93430 DEOPT PACKING pc=0x0000013307b0df58 sp=0x000000332b1f82a0
Event: 2.736 Thread 0x0000013371a93430 DEOPT UNPACKING pc=0x0000013307586da2 sp=0x000000332b1f8250 mode 2
Event: 2.736 Thread 0x0000013371a93430 Uncommon trap: trap_request=0xffffffc6 fr.pc=0x0000013307b0df58 relative=0x0000000000000298
Event: 2.736 Thread 0x0000013371a93430 Uncommon trap: reason=bimorphic_or_optimized_type_check action=maybe_recompile pc=0x0000013307b0df58 method=java.util.Collections$UnmodifiableCollection$1.next()Ljava/lang/Object; @ 4 c2
Event: 2.736 Thread 0x0000013371a93430 DEOPT PACKING pc=0x0000013307b0df58 sp=0x000000332b1f82a0
Event: 2.736 Thread 0x0000013371a93430 DEOPT UNPACKING pc=0x0000013307586da2 sp=0x000000332b1f8250 mode 2
Event: 2.863 Thread 0x0000013371a93430 Uncommon trap: trap_request=0xffffff45 fr.pc=0x0000013307b161e8 relative=0x00000000000004e8
Event: 2.863 Thread 0x0000013371a93430 Uncommon trap: reason=unstable_if action=reinterpret pc=0x0000013307b161e8 method=java.util.HashMap$HashIterator.<init>(Ljava/util/HashMap;)V @ 45 c2
Event: 2.863 Thread 0x0000013371a93430 DEOPT PACKING pc=0x0000013307b161e8 sp=0x000000332b1fe590
Event: 2.863 Thread 0x0000013371a93430 DEOPT UNPACKING pc=0x0000013307586da2 sp=0x000000332b1fe400 mode 2
Event: 3.128 Thread 0x0000013371a93430 Uncommon trap: trap_request=0xffffffde fr.pc=0x0000013307b53058 relative=0x0000000000000a58
Event: 3.128 Thread 0x0000013371a93430 Uncommon trap: reason=class_check action=maybe_recompile pc=0x0000013307b53058 method=java.util.HashMap.putVal(ILjava/lang/Object;Ljava/lang/Object;ZZ)Ljava/lang/Object; @ 253 c2
Event: 3.128 Thread 0x0000013371a93430 DEOPT PACKING pc=0x0000013307b53058 sp=0x000000332b1fe150
Event: 3.128 Thread 0x0000013371a93430 DEOPT UNPACKING pc=0x0000013307586da2 sp=0x000000332b1fe0e0 mode 2
Event: 3.132 Thread 0x0000013371a93430 Uncommon trap: trap_request=0xffffffde fr.pc=0x0000013307b53058 relative=0x0000000000000a58
Event: 3.132 Thread 0x0000013371a93430 Uncommon trap: reason=class_check action=maybe_recompile pc=0x0000013307b53058 method=java.util.HashMap.putVal(ILjava/lang/Object;Ljava/lang/Object;ZZ)Ljava/lang/Object; @ 253 c2
Event: 3.132 Thread 0x0000013371a93430 DEOPT PACKING pc=0x0000013307b53058 sp=0x000000332b1fe150
Event: 3.132 Thread 0x0000013371a93430 DEOPT UNPACKING pc=0x0000013307586da2 sp=0x000000332b1fe0e0 mode 2
Event: 3.319 Thread 0x0000013371a93430 DEOPT PACKING pc=0x00000133001aff4e sp=0x000000332b1fe790
Event: 3.319 Thread 0x0000013371a93430 DEOPT UNPACKING pc=0x00000133075878e2 sp=0x000000332b1fdc30 mode 0

Classes loaded (20 events):
Event: 3.131 Loading class java/util/ConcurrentModificationException
Event: 3.131 Loading class java/util/ConcurrentModificationException done
Event: 3.152 Loading class java/net/ContentHandler
Event: 3.152 Loading class java/net/ContentHandler done
Event: 3.158 Loading class java/net/UrlDeserializedState
Event: 3.158 Loading class java/net/UrlDeserializedState done
Event: 3.158 Loading class java/lang/reflect/InaccessibleObjectException
Event: 3.158 Loading class java/lang/reflect/InaccessibleObjectException done
Event: 3.161 Loading class java/lang/StackWalker$Option
Event: 3.162 Loading class java/lang/StackWalker$Option done
Event: 3.186 Loading class javax/xml/parsers/ParserConfigurationException
Event: 3.186 Loading class javax/xml/parsers/ParserConfigurationException done
Event: 3.192 Loading class java/security/KeyStoreException
Event: 3.192 Loading class java/security/KeyStoreException done
Event: 3.197 Loading class java/lang/Thread$Builder$OfPlatform
Event: 3.198 Loading class java/lang/Thread$Builder
Event: 3.198 Loading class java/lang/Thread$Builder done
Event: 3.198 Loading class java/lang/Thread$Builder$OfPlatform done
Event: 3.198 Loading class java/lang/Thread$Builder$OfVirtual
Event: 3.198 Loading class java/lang/Thread$Builder$OfVirtual done

Classes unloaded (0 events):
No events

Classes redefined (0 events):
No events

Internal exceptions (20 events):
Event: 1.675 Thread 0x0000013371a93430 Exception <a 'java/lang/NoSuchMethodError'{0x00000000d6aae958}: 'java.lang.ClassLoader java.lang.ClassLoader.getPlatformClassLoader(java.lang.Class)'> (0x00000000d6aae958) 
thrown [s\open\src\hotspot\share\interpreter\linkResolver.cpp, line 773]
Event: 1.907 Thread 0x0000013371a93430 Exception <a 'java/lang/ClassNotFoundException'{0x00000000d55cf720}: sun/net/www/protocol/c/Handler> (0x00000000d55cf720) 
thrown [s\open\src\hotspot\share\classfile\systemDictionary.cpp, line 312]
Event: 1.908 Thread 0x0000013371a93430 Exception <a 'java/lang/ClassNotFoundException'{0x00000000d55d0a90}: sun/net/www/protocol/f/Handler> (0x00000000d55d0a90) 
thrown [s\open\src\hotspot\share\classfile\systemDictionary.cpp, line 312]
Event: 1.909 Thread 0x0000013371a93430 Exception <a 'java/lang/ClassNotFoundException'{0x00000000d55d1c28}: sun/net/www/protocol/c/Handler> (0x00000000d55d1c28) 
thrown [s\open\src\hotspot\share\classfile\systemDictionary.cpp, line 312]
Event: 1.964 Thread 0x0000013371a93430 Exception <a 'java/io/FileNotFoundException'{0x00000000d55f6238}> (0x00000000d55f6238) 
thrown [s\open\src\hotspot\share\prims\jni.cpp, line 520]
Event: 2.102 Thread 0x0000013371a93430 Implicit null exception at 0x0000013307b36449 to 0x0000013307b36fb4
Event: 2.103 Thread 0x0000013371a93430 Implicit null exception at 0x0000013307b3279a to 0x0000013307b329a0
Event: 2.104 Thread 0x0000013371a93430 Exception <a 'java/lang/NoSuchMethodError'{0x00000000d57a58b8}: 'void java.lang.invoke.DirectMethodHandle$Holder.invokeStatic(java.lang.Object, java.lang.Object, java.lang.Object, java.lang.Object)'> (0x00000000d57a58b8) 
thrown [s\open\src\hotspot\share\interpreter\linkResolver.cpp, line 773]
Event: 2.106 Thread 0x0000013371a93430 Implicit null exception at 0x0000013307b238bc to 0x0000013307b23b48
Event: 2.106 Thread 0x0000013371a93430 Implicit null exception at 0x0000013307b247bd to 0x0000013307b24841
Event: 2.398 Thread 0x0000013371a93430 Exception <a 'java/lang/NoSuchMethodError'{0x00000000d5ba1a50}: 'int java.lang.invoke.DirectMethodHandle$Holder.invokeVirtual(java.lang.Object, java.lang.Object)'> (0x00000000d5ba1a50) 
thrown [s\open\src\hotspot\share\interpreter\linkResolver.cpp, line 773]
Event: 2.965 Thread 0x0000013371a93430 Exception <a 'java/lang/IncompatibleClassChangeError'{0x00000000d6647b28}: Found class java.lang.Object, but interface was expected> (0x00000000d6647b28) 
thrown [s\open\src\hotspot\share\interpreter\linkResolver.cpp, line 840]
Event: 2.966 Thread 0x0000013371a93430 Exception <a 'java/lang/NoSuchMethodError'{0x00000000d6650f98}: 'void java.lang.invoke.DirectMethodHandle$Holder.invokeInterface(java.lang.Object, java.lang.Object, java.lang.Object)'> (0x00000000d6650f98) 
thrown [s\open\src\hotspot\share\interpreter\linkResolver.cpp, line 773]
Event: 3.016 Thread 0x0000013371a93430 Exception <a 'java/lang/NoSuchMethodError'{0x00000000d67f8388}: 'int java.lang.invoke.DirectMethodHandle$Holder.invokeStaticInit(java.lang.Object, java.lang.Object, java.lang.Object, java.lang.Object)'> (0x00000000d67f8388) 
thrown [s\open\src\hotspot\share\interpreter\linkResolver.cpp, line 773]
Event: 3.018 Thread 0x0000013371a93430 Exception <a 'java/lang/NoSuchMethodError'{0x00000000d6802778}: 'void java.lang.invoke.DirectMethodHandle$Holder.invokeStaticInit(java.lang.Object, java.lang.Object)'> (0x00000000d6802778) 
thrown [s\open\src\hotspot\share\interpreter\linkResolver.cpp, line 773]
Event: 3.019 Thread 0x0000013371a93430 Exception <a 'java/lang/NoSuchMethodError'{0x00000000d6807bd8}: 'int java.lang.invoke.DirectMethodHandle$Holder.invokeStaticInit(java.lang.Object, java.lang.Object)'> (0x00000000d6807bd8) 
thrown [s\open\src\hotspot\share\interpreter\linkResolver.cpp, line 773]
Event: 3.105 Thread 0x0000013371a93430 Exception <a 'java/lang/NoSuchMethodError'{0x00000000d69f58c0}: 'java.lang.Object java.lang.invoke.DirectMethodHandle$Holder.newInvokeSpecial(java.lang.Object, int, java.lang.Object)'> (0x00000000d69f58c0) 
thrown [s\open\src\hotspot\share\interpreter\linkResolver.cpp, line 773]
Event: 3.164 Thread 0x0000013371a93430 Exception <a 'java/lang/ClassNotFoundException'{0x00000000d6b73480}: sun/net/www/protocol/plurl/Handler> (0x00000000d6b73480) 
thrown [s\open\src\hotspot\share\classfile\systemDictionary.cpp, line 312]
Event: 3.164 Thread 0x0000013371a93430 Exception <a 'java/lang/ClassNotFoundException'{0x00000000d6b74300}: sun/net/www/protocol/plurl/Handler> (0x00000000d6b74300) 
thrown [s\open\src\hotspot\share\classfile\systemDictionary.cpp, line 312]
Event: 3.171 Thread 0x0000013371a93430 Exception <a 'java/lang/NoSuchMethodError'{0x00000000d6bb3e18}: 'void java.lang.invoke.DirectMethodHandle$Holder.invokeSpecial(java.lang.Object, java.lang.Object, java.lang.Object)'> (0x00000000d6bb3e18) 
thrown [s\open\src\hotspot\share\interpreter\linkResolver.cpp, line 773]

ZGC Phase Switch (0 events):
No events

VM Operations (18 events):
Event: 0.423 Executing VM operation: HandshakeAllThreads (Deoptimize)
Event: 0.423 Executing VM operation: HandshakeAllThreads (Deoptimize) done
Event: 1.104 Executing VM operation: HandshakeAllThreads (Deoptimize)
Event: 1.104 Executing VM operation: HandshakeAllThreads (Deoptimize) done
Event: 1.147 Executing VM operation: HandshakeAllThreads (Deoptimize)
Event: 1.147 Executing VM operation: HandshakeAllThreads (Deoptimize) done
Event: 1.829 Executing VM operation: HandshakeAllThreads (Deoptimize)
Event: 1.829 Executing VM operation: HandshakeAllThreads (Deoptimize) done
Event: 1.829 Executing VM operation: Cleanup
Event: 1.830 Executing VM operation: Cleanup done
Event: 1.863 Executing VM operation: ParallelGCFailedAllocation (Allocation Failure)
Event: 1.880 Executing VM operation: ParallelGCFailedAllocation (Allocation Failure) done
Event: 2.886 Executing VM operation: Cleanup
Event: 2.886 Executing VM operation: Cleanup done
Event: 3.061 Executing VM operation: HandshakeAllThreads (Deoptimize)
Event: 3.061 Executing VM operation: HandshakeAllThreads (Deoptimize) done
Event: 3.160 Executing VM operation: HandshakeAllThreads (Deoptimize)
Event: 3.160 Executing VM operation: HandshakeAllThreads (Deoptimize) done

Events (16 events):
Event: 0.153 Thread 0x0000013371a93430 Thread added: 0x0000013371a93430
Event: 0.208 Thread 0x0000013371c4e0a0 Thread added: 0x0000013371c4e0a0
Event: 0.208 Thread 0x000001337c62a6f0 Thread added: 0x000001337c62a6f0
Event: 0.209 Thread 0x000001337c6310b0 Thread added: 0x000001337c6310b0
Event: 0.209 Thread 0x000001337c631b10 Thread added: 0x000001337c631b10
Event: 0.209 Thread 0x000001337c633ad0 Thread added: 0x000001337c633ad0
Event: 0.209 Thread 0x000001337c635540 Thread added: 0x000001337c635540
Event: 0.210 Thread 0x000001337c639a20 Thread added: 0x000001337c639a20
Event: 0.210 Thread 0x000001337c653e20 Thread added: 0x000001337c653e20
Event: 0.255 Thread 0x000001337d526cd0 Thread added: 0x000001337d526cd0
Event: 0.827 Thread 0x000001337d66d300 Thread added: 0x000001337d66d300
Event: 2.946 Thread 0x000001337dd96df0 Thread added: 0x000001337dd96df0
Event: 2.948 Thread 0x000001337ddc6cf0 Thread added: 0x000001337ddc6cf0
Event: 2.953 Thread 0x000001337ddf50a0 Thread added: 0x000001337ddf50a0
Event: 2.957 Thread 0x000001337dbe6e50 Thread added: 0x000001337dbe6e50
Event: 3.043 Thread 0x000001337deae0f0 Thread added: 0x000001337deae0f0


Dynamic libraries:
0x00007ff70dfa0000 - 0x00007ff70dfb0000 	C:\Program Files\Java\jdk-21\bin\java.exe
0x00007ffdbdc80000 - 0x00007ffdbdee8000 	C:\WINDOWS\SYSTEM32\ntdll.dll
0x00007ffdbd030000 - 0x00007ffdbd0f9000 	C:\WINDOWS\System32\KERNEL32.DLL
0x00007ffdbaf70000 - 0x00007ffdbb368000 	C:\WINDOWS\System32\KERNELBASE.dll
0x00007ffdb7a80000 - 0x00007ffdb7b1f000 	C:\WINDOWS\SYSTEM32\apphelp.dll
0x00007ffdbb370000 - 0x00007ffdbb4bb000 	C:\WINDOWS\System32\ucrtbase.dll
0x00007ffdb51d0000 - 0x00007ffdb51e9000 	C:\Program Files\Java\jdk-21\bin\jli.dll
0x00007ffdbcd80000 - 0x00007ffdbce34000 	C:\WINDOWS\System32\ADVAPI32.dll
0x00007ffdbcef0000 - 0x00007ffdbcf99000 	C:\WINDOWS\System32\msvcrt.dll
0x00007ffdbca30000 - 0x00007ffdbcad6000 	C:\WINDOWS\System32\sechost.dll
0x00007ffdbda40000 - 0x00007ffdbdb58000 	C:\WINDOWS\System32\RPCRT4.dll
0x00007ffd96800000 - 0x00007ffd9681b000 	C:\Program Files\Java\jdk-21\bin\VCRUNTIME140.dll
0x00007ffdbc180000 - 0x00007ffdbc347000 	C:\WINDOWS\System32\USER32.dll
0x00007ffdbadd0000 - 0x00007ffdbadf7000 	C:\WINDOWS\System32\win32u.dll
0x00007ffdbcec0000 - 0x00007ffdbceeb000 	C:\WINDOWS\System32\GDI32.dll
0x00007ffdbb4c0000 - 0x00007ffdbb5ec000 	C:\WINDOWS\System32\gdi32full.dll
0x00007ffdbaec0000 - 0x00007ffdbaf63000 	C:\WINDOWS\System32\msvcp_win.dll
0x00007ffd92290000 - 0x00007ffd92524000 	C:\WINDOWS\WinSxS\amd64_microsoft.windows.common-controls_6595b64144ccf1df_6.0.26100.7019_none_3e06ffa0e335b8a8\COMCTL32.dll
0x00007ffdada70000 - 0x00007ffdada7b000 	C:\WINDOWS\SYSTEM32\VERSION.dll
0x00007ffdbd830000 - 0x00007ffdbd861000 	C:\WINDOWS\System32\IMM32.DLL
0x00007ffdb59f0000 - 0x00007ffdb59fc000 	C:\Program Files\Java\jdk-21\bin\vcruntime140_1.dll
0x00007ffd703b0000 - 0x00007ffd7043e000 	C:\Program Files\Java\jdk-21\bin\msvcp140.dll
0x00007ffcffe90000 - 0x00007ffd00ba3000 	C:\Program Files\Java\jdk-21\bin\server\jvm.dll
0x00007ffdbc8e0000 - 0x00007ffdbc954000 	C:\WINDOWS\System32\WS2_32.dll
0x00007ffdbac50000 - 0x00007ffdbacae000 	C:\WINDOWS\SYSTEM32\POWRPROF.dll
0x00007ffd989c0000 - 0x00007ffd989f5000 	C:\WINDOWS\SYSTEM32\WINMM.dll
0x00007ffdbac30000 - 0x00007ffdbac44000 	C:\WINDOWS\SYSTEM32\UMPDC.dll
0x00007ffdb9b90000 - 0x00007ffdb9bab000 	C:\WINDOWS\SYSTEM32\kernel.appcore.dll
0x00007ffdb27a0000 - 0x00007ffdb27aa000 	C:\Program Files\Java\jdk-21\bin\jimage.dll
0x00007ffdb8090000 - 0x00007ffdb82d2000 	C:\WINDOWS\SYSTEM32\DBGHELP.DLL
0x00007ffdbd300000 - 0x00007ffdbd68b000 	C:\WINDOWS\System32\combase.dll
0x00007ffdbc800000 - 0x00007ffdbc8d7000 	C:\WINDOWS\System32\OLEAUT32.dll
0x00007ffda9850000 - 0x00007ffda988c000 	C:\WINDOWS\SYSTEM32\dbgcore.DLL
0x00007ffdbb680000 - 0x00007ffdbb725000 	C:\WINDOWS\System32\bcryptPrimitives.dll
0x00007ffd96960000 - 0x00007ffd9696f000 	C:\Program Files\Java\jdk-21\bin\instrument.dll
0x00007ffd95940000 - 0x00007ffd9595f000 	C:\Program Files\Java\jdk-21\bin\java.dll
0x00007ffdbba20000 - 0x00007ffdbc16f000 	C:\WINDOWS\System32\SHELL32.dll
0x00007ffdbb8b0000 - 0x00007ffdbba1b000 	C:\WINDOWS\System32\wintypes.dll
0x00007ffdb8a30000 - 0x00007ffdb928d000 	C:\WINDOWS\SYSTEM32\windows.storage.dll
0x00007ffdbd200000 - 0x00007ffdbd2f2000 	C:\WINDOWS\System32\SHCORE.dll
0x00007ffdbc960000 - 0x00007ffdbc9c7000 	C:\WINDOWS\System32\shlwapi.dll
0x00007ffdbacf0000 - 0x00007ffdbad19000 	C:\WINDOWS\SYSTEM32\profapi.dll
0x00007ffd51da0000 - 0x00007ffd51e77000 	C:\Program Files\Java\jdk-21\bin\jsvml.dll
0x00007ffd91a10000 - 0x00007ffd91a28000 	C:\Program Files\Java\jdk-21\bin\zip.dll
0x00007ffd95a30000 - 0x00007ffd95a40000 	C:\Program Files\Java\jdk-21\bin\net.dll
0x00007ffdaf920000 - 0x00007ffdafa48000 	C:\WINDOWS\SYSTEM32\WINHTTP.dll
0x00007ffdba100000 - 0x00007ffdba16b000 	C:\WINDOWS\system32\mswsock.dll
0x00007ffd89ba0000 - 0x00007ffd89bb6000 	C:\Program Files\Java\jdk-21\bin\nio.dll
0x00007ffd959f0000 - 0x00007ffd95a00000 	C:\Program Files\Java\jdk-21\bin\verify.dll
0x00007ffd81880000 - 0x00007ffd818c4000 	C:\Users\ADMIN\AppData\Roaming\Code\User\globalStorage\redhat.java\1.48.0\config_ss_win\org.eclipse.equinox.launcher\org.eclipse.equinox.launcher.win32.win32.x86_64_1.2.1400.v20250801-0854\eclipse_11916.dll
0x00007ffdbd690000 - 0x00007ffdbd827000 	C:\WINDOWS\System32\ole32.dll

dbghelp: loaded successfully - version: 4.0.5 - missing functions: none
symbol engine: initialized successfully - sym options: 0x614 - pdb path: .;C:\Program Files\Java\jdk-21\bin;C:\WINDOWS\SYSTEM32;C:\WINDOWS\WinSxS\amd64_microsoft.windows.common-controls_6595b64144ccf1df_6.0.26100.7019_none_3e06ffa0e335b8a8;C:\Program Files\Java\jdk-21\bin\server;C:\Users\ADMIN\AppData\Roaming\Code\User\globalStorage\redhat.java\1.48.0\config_ss_win\org.eclipse.equinox.launcher\org.eclipse.equinox.launcher.win32.win32.x86_64_1.2.1400.v20250801-0854

VM Arguments:
jvm_args: --add-modules=ALL-SYSTEM --add-opens=java.base/java.util=ALL-UNNAMED --add-opens=java.base/java.lang=ALL-UNNAMED --add-opens=java.base/sun.nio.fs=ALL-UNNAMED -Declipse.application=org.eclipse.jdt.ls.core.id1 -Dosgi.bundles.defaultStartLevel=4 -Declipse.product=org.eclipse.jdt.ls.core.product -Djava.import.generatesMetadataFilesAtProjectRoot=false -DDetectVMInstallationsJob.disabled=true -Dfile.encoding=utf8 -XX:+UseParallelGC -XX:GCTimeRatio=4 -XX:AdaptiveSizePolicyWeight=90 -Dsun.zip.disableMemoryMapping=true -Xmx2G -Xms100m -Xlog:disable -javaagent:c:\Users\ADMIN\.vscode\extensions\redhat.java-1.48.0\lombok\lombok-1.18.39-4050.jar 
java_command: c:\Users\ADMIN\.vscode\extensions\redhat.java-1.48.0\server\plugins\org.eclipse.equinox.launcher_1.7.100.v20251111-0406.jar -configuration c:\Users\ADMIN\AppData\Roaming\Code\User\globalStorage\redhat.java\1.48.0\config_ss_win -data c:\Users\ADMIN\AppData\Roaming\Code\User\workspaceStorage\29bae93e5503c94e908dc73e31ab6b48\redhat.java\ss_ws --pipe=\\.\pipe\lsp-0b0685dfabe8dfbafa2872ef5ed8b026-sock
java_class_path (initial): c:\Users\ADMIN\.vscode\extensions\redhat.java-1.48.0\server\plugins\org.eclipse.equinox.launcher_1.7.100.v20251111-0406.jar
Launcher Type: SUN_STANDARD

[Global flags]
    uintx AdaptiveSizePolicyWeight                 = 90                                        {product} {command line}
     intx CICompilerCount                          = 3                                         {product} {ergonomic}
    uintx GCTimeRatio                              = 4                                         {product} {command line}
   size_t InitialHeapSize                          = 104857600                                 {product} {command line}
   size_t MaxHeapSize                              = 2147483648                                {product} {command line}
   size_t MaxNewSize                               = 715653120                                 {product} {ergonomic}
   size_t MinHeapDeltaBytes                        = 524288                                    {product} {ergonomic}
   size_t MinHeapSize                              = 104857600                                 {product} {command line}
   size_t NewSize                                  = 34603008                                  {product} {ergonomic}
    uintx NonNMethodCodeHeapSize                   = 5832780                                {pd product} {ergonomic}
    uintx NonProfiledCodeHeapSize                  = 122912730                              {pd product} {ergonomic}
   size_t OldSize                                  = 70254592                                  {product} {ergonomic}
    uintx ProfiledCodeHeapSize                     = 122912730                              {pd product} {ergonomic}
    uintx ReservedCodeCacheSize                    = 251658240                              {pd product} {ergonomic}
     bool SegmentedCodeCache                       = true                                      {product} {ergonomic}
   size_t SoftMaxHeapSize                          = 2147483648                             {manageable} {ergonomic}
     bool UseCompressedOops                        = true                           {product lp64_product} {ergonomic}
     bool UseLargePagesIndividualAllocation        = false                                  {pd product} {ergonomic}
     bool UseParallelGC                            = true                                      {product} {command line}

Logging:
Log output configuration:
 #0: stdout all=off uptime,level,tags foldmultilines=false
 #1: stderr all=off uptime,level,tags foldmultilines=false

Environment Variables:
PATH=C:\Program Files\Python313\Scripts\;C:\Program Files\Python313\;C:\Program Files (x86)\VMware\VMware Player\bin\;C:\Program Files\Common Files\Oracle\Java\javapath;C:\WINDOWS\system32;C:\WINDOWS;C:\WINDOWS\System32\Wbem;C:\WINDOWS\System32\WindowsPowerShell\v1.0\;C:\WINDOWS\System32\OpenSSH\;C:\Program Files\Git\cmd;C:\Program Files (x86)\Microsoft SQL Server\160\Tools\Binn\;C:\Program Files\Microsoft SQL Server\160\Tools\Binn\;C:\Program Files\Microsoft SQL Server\Client SDK\ODBC\170\Tools\Binn\;C:\Program Files\Microsoft SQL Server\160\DTS\Binn\;C:\Program Files (x86)\Microsoft SQL Server\160\DTS\Binn\;C:\Users\ADMIN\AppData\Local\Programs\Python\Launcher\;C:\Users\ADMIN\AppData\Local\Microsoft\WindowsApps;C:\Users\ADMIN\AppData\Local\Programs\Microsoft VS Code\bin;C:\Users\ADMIN\AppData\Local\Programs\cursor\resources\app\bin
USERNAME=ADMIN
OS=Windows_NT
PROCESSOR_IDENTIFIER=Intel64 Family 6 Model 126 Stepping 5, GenuineIntel
TMP=C:\Users\ADMIN\AppData\Local\Temp
TEMP=C:\Users\ADMIN\AppData\Local\Temp




---------------  S Y S T E M  ---------------

OS:
 Windows 11 , 64 bit Build 26100 (10.0.26100.7019)
OS uptime: 0 days 3:07 hours

CPU: total 4 (initial active 4) (2 cores per cpu, 2 threads per core) family 6 model 126 stepping 5 microcode 0xbc, cx8, cmov, fxsr, ht, mmx, 3dnowpref, sse, sse2, sse3, ssse3, sse4.1, sse4.2, popcnt, lzcnt, tsc, tscinvbit, avx, avx2, aes, erms, clmul, bmi1, bmi2, adx, avx512f, avx512dq, avx512cd, avx512bw, avx512vl, sha, fma, vzeroupper, avx512_vpopcntdq, avx512_vpclmulqdq, avx512_vaes, avx512_vnni, clflush, clflushopt, avx512_vbmi2, avx512_vbmi, rdtscp, rdpid, fsrm, gfni, avx512_bitalg, f16c, pku, avx512_ifma
Processor Information for all 4 processors :
  Max Mhz: 1201, Current Mhz: 1200, Mhz Limit: 1188

Memory: 4k page, system-wide physical 3783M (292M free)
TotalPageFile size 11975M (AvailPageFile size 151M)
current process WorkingSet (physical memory assigned to process): 108M, peak: 109M
current process commit charge ("private bytes"): 239M, peak: 240M

vm_info: Java HotSpot(TM) 64-Bit Server VM (21+35-LTS-2513) for windows-amd64 JRE (21+35-LTS-2513), built on 2023-08-09T20:25:10Z by "mach5one" with MS VC++ 17.1 (VS2022)

END.
